2022-08-07 14:42:50,946 INFO: Args:
batch_size: 32
dataset_name: caco
debug: false
dropout: 0.1
gpu: false
hidden_size: 64
layers: 3
max_epochs: 100
num_workers: 1
save_dir: results/2022_08_07_hidden_size_sweep/2022_08_07-1442_770195_18e3d7c411499f7f75f0f3437a29c466
seed: 1

2022-08-07 14:42:53,782 INFO: Train, val, test sizes: (637, 91, 182)

  | Name              | Type       | Params
-------------------------------------------------
0 | activation        | ReLU       | 0     
1 | output_activation | Identity   | 0     
2 | mlp               | MLPBlocks  | 139 K 
3 | output_layer      | Sequential | 65    
-------------------------------------------------
139 K     Trainable params
0         Non-trainable params
139 K     Total params
0.558     Total estimated model params size (MB)
2022-08-07 14:42:54,098 INFO: Epoch 0, step 19-- val_loss : 20.41802978515625
2022-08-07 14:42:54,294 INFO: Epoch 1, step 39-- val_loss : 3.7009499073028564
2022-08-07 14:42:54,388 INFO: Epoch 2, step 49-- train_loss : 3.6235592365264893
2022-08-07 14:42:54,477 INFO: Epoch 2, step 59-- val_loss : 2.7725210189819336
2022-08-07 14:42:54,656 INFO: Epoch 3, step 79-- val_loss : 2.295313835144043
2022-08-07 14:42:54,781 INFO: Epoch 4, step 99-- train_loss : 1.4284162521362305
2022-08-07 14:42:54,836 INFO: Epoch 4, step 99-- val_loss : 2.0293610095977783
2022-08-07 14:42:55,026 INFO: Epoch 5, step 119-- val_loss : 1.8463246822357178
2022-08-07 14:42:55,224 INFO: Epoch 6, step 139-- val_loss : 1.7254939079284668
2022-08-07 14:42:55,324 INFO: Epoch 7, step 149-- train_loss : 1.1955699920654297
2022-08-07 14:42:55,424 INFO: Epoch 7, step 159-- val_loss : 1.6514075994491577
2022-08-07 14:42:55,605 INFO: Epoch 8, step 179-- val_loss : 1.5957963466644287
2022-08-07 14:42:55,745 INFO: Epoch 9, step 199-- train_loss : 0.9170874953269958
2022-08-07 14:42:55,802 INFO: Epoch 9, step 199-- val_loss : 1.5497186183929443
2022-08-07 14:42:55,989 INFO: Epoch 10, step 219-- val_loss : 1.5111356973648071
2022-08-07 14:42:56,181 INFO: Epoch 11, step 239-- val_loss : 1.4825444221496582
2022-08-07 14:42:56,282 INFO: Epoch 12, step 249-- train_loss : 1.884280800819397
2022-08-07 14:42:56,365 INFO: Epoch 12, step 259-- val_loss : 1.4588416814804077
2022-08-07 14:42:56,551 INFO: Epoch 13, step 279-- val_loss : 1.4514946937561035
2022-08-07 14:42:56,681 INFO: Epoch 14, step 299-- train_loss : 1.269628882408142
2022-08-07 14:42:56,739 INFO: Epoch 14, step 299-- val_loss : 1.440711498260498
2022-08-07 14:42:56,926 INFO: Epoch 15, step 319-- val_loss : 1.429761290550232
2022-08-07 14:42:57,122 INFO: Epoch 16, step 339-- val_loss : 1.4240314960479736
2022-08-07 14:42:57,223 INFO: Epoch 17, step 349-- train_loss : 1.1691349744796753
2022-08-07 14:42:57,315 INFO: Epoch 17, step 359-- val_loss : 1.417801022529602
2022-08-07 14:42:57,502 INFO: Epoch 18, step 379-- val_loss : 1.4117465019226074
2022-08-07 14:42:57,632 INFO: Epoch 19, step 399-- train_loss : 1.7070995569229126
2022-08-07 14:42:57,688 INFO: Epoch 19, step 399-- val_loss : 1.4088042974472046
2022-08-07 14:42:57,887 INFO: Epoch 20, step 419-- val_loss : 1.4042258262634277
2022-08-07 14:42:58,078 INFO: Epoch 21, step 439-- val_loss : 1.4017949104309082
2022-08-07 14:42:58,183 INFO: Epoch 22, step 449-- train_loss : 1.1579307317733765
2022-08-07 14:42:58,277 INFO: Epoch 22, step 459-- val_loss : 1.3987504243850708
2022-08-07 14:42:58,473 INFO: Epoch 23, step 479-- val_loss : 1.3939204216003418
2022-08-07 14:42:58,607 INFO: Epoch 24, step 499-- train_loss : 1.3228859901428223
2022-08-07 14:42:58,669 INFO: Epoch 24, step 499-- val_loss : 1.3896640539169312
2022-08-07 14:42:58,863 INFO: Epoch 25, step 519-- val_loss : 1.38717782497406
2022-08-07 14:42:59,052 INFO: Epoch 26, step 539-- val_loss : 1.3844919204711914
2022-08-07 14:42:59,148 INFO: Epoch 27, step 549-- train_loss : 1.3402442932128906
2022-08-07 14:42:59,246 INFO: Epoch 27, step 559-- val_loss : 1.379603624343872
2022-08-07 14:42:59,434 INFO: Epoch 28, step 579-- val_loss : 1.3776031732559204
2022-08-07 14:42:59,567 INFO: Epoch 29, step 599-- train_loss : 1.6869577169418335
2022-08-07 14:42:59,622 INFO: Epoch 29, step 599-- val_loss : 1.375180721282959
2022-08-07 14:42:59,815 INFO: Epoch 30, step 619-- val_loss : 1.3713350296020508
2022-08-07 14:43:00,014 INFO: Epoch 31, step 639-- val_loss : 1.3655389547348022
2022-08-07 14:43:00,114 INFO: Epoch 32, step 649-- train_loss : 0.8846995830535889
2022-08-07 14:43:00,203 INFO: Epoch 32, step 659-- val_loss : 1.3621772527694702
2022-08-07 14:43:00,393 INFO: Epoch 33, step 679-- val_loss : 1.3604342937469482
2022-08-07 14:43:00,529 INFO: Epoch 34, step 699-- train_loss : 1.4607131481170654
2022-08-07 14:43:00,591 INFO: Epoch 34, step 699-- val_loss : 1.3561233282089233
2022-08-07 14:43:00,788 INFO: Epoch 35, step 719-- val_loss : 1.352779507637024
2022-08-07 14:43:00,975 INFO: Epoch 36, step 739-- val_loss : 1.3483399152755737
2022-08-07 14:43:01,067 INFO: Epoch 37, step 749-- train_loss : 1.0671803951263428
2022-08-07 14:43:01,159 INFO: Epoch 37, step 759-- val_loss : 1.3446002006530762
2022-08-07 14:43:01,345 INFO: Epoch 38, step 779-- val_loss : 1.342157244682312
2022-08-07 14:43:01,476 INFO: Epoch 39, step 799-- train_loss : 1.205778956413269
2022-08-07 14:43:01,537 INFO: Epoch 39, step 799-- val_loss : 1.339575171470642
2022-08-07 14:43:01,740 INFO: Epoch 40, step 819-- val_loss : 1.336601734161377
2022-08-07 14:43:01,935 INFO: Epoch 41, step 839-- val_loss : 1.333490014076233
2022-08-07 14:43:02,032 INFO: Epoch 42, step 849-- train_loss : 1.3674452304840088
2022-08-07 14:43:02,128 INFO: Epoch 42, step 859-- val_loss : 1.3295798301696777
2022-08-07 14:43:02,322 INFO: Epoch 43, step 879-- val_loss : 1.3244421482086182
2022-08-07 14:43:02,452 INFO: Epoch 44, step 899-- train_loss : 1.1442477703094482
2022-08-07 14:43:02,514 INFO: Epoch 44, step 899-- val_loss : 1.3207521438598633
2022-08-07 14:43:02,714 INFO: Epoch 45, step 919-- val_loss : 1.320087194442749
2022-08-07 14:43:02,906 INFO: Epoch 46, step 939-- val_loss : 1.3172487020492554
2022-08-07 14:43:03,014 INFO: Epoch 47, step 949-- train_loss : 1.5441988706588745
2022-08-07 14:43:03,103 INFO: Epoch 47, step 959-- val_loss : 1.3127228021621704
2022-08-07 14:43:03,286 INFO: Epoch 48, step 979-- val_loss : 1.3118656873703003
2022-08-07 14:43:03,420 INFO: Epoch 49, step 999-- train_loss : 1.3973673582077026
2022-08-07 14:43:03,480 INFO: Epoch 49, step 999-- val_loss : 1.3076874017715454
2022-08-07 14:43:03,673 INFO: Epoch 50, step 1019-- val_loss : 1.3051801919937134
2022-08-07 14:43:03,865 INFO: Epoch 51, step 1039-- val_loss : 1.3014355897903442
2022-08-07 14:43:03,972 INFO: Epoch 52, step 1049-- train_loss : 1.1094305515289307
2022-08-07 14:43:04,063 INFO: Epoch 52, step 1059-- val_loss : 1.2984845638275146
2022-08-07 14:43:04,261 INFO: Epoch 53, step 1079-- val_loss : 1.294327735900879
2022-08-07 14:43:04,389 INFO: Epoch 54, step 1099-- train_loss : 1.669201374053955
2022-08-07 14:43:04,443 INFO: Epoch 54, step 1099-- val_loss : 1.291785478591919
2022-08-07 14:43:04,626 INFO: Epoch 55, step 1119-- val_loss : 1.2899553775787354
2022-08-07 14:43:04,823 INFO: Epoch 56, step 1139-- val_loss : 1.2888380289077759
2022-08-07 14:43:04,919 INFO: Epoch 57, step 1149-- train_loss : 1.3175139427185059
2022-08-07 14:43:05,020 INFO: Epoch 57, step 1159-- val_loss : 1.2857718467712402
2022-08-07 14:43:05,205 INFO: Epoch 58, step 1179-- val_loss : 1.282245397567749
2022-08-07 14:43:05,331 INFO: Epoch 59, step 1199-- train_loss : 1.4314593076705933
2022-08-07 14:43:05,384 INFO: Epoch 59, step 1199-- val_loss : 1.2807304859161377
2022-08-07 14:43:05,583 INFO: Epoch 60, step 1219-- val_loss : 1.277106761932373
2022-08-07 14:43:05,770 INFO: Epoch 61, step 1239-- val_loss : 1.2716201543807983
2022-08-07 14:43:05,871 INFO: Epoch 62, step 1249-- train_loss : 1.3841896057128906
2022-08-07 14:43:05,967 INFO: Epoch 62, step 1259-- val_loss : 1.267754316329956
2022-08-07 14:43:06,153 INFO: Epoch 63, step 1279-- val_loss : 1.266701340675354
2022-08-07 14:43:06,286 INFO: Epoch 64, step 1299-- train_loss : 1.1173454523086548
2022-08-07 14:43:06,334 INFO: Epoch 64, step 1299-- val_loss : 1.2655770778656006
2022-08-07 14:43:06,521 INFO: Epoch 65, step 1319-- val_loss : 1.261880874633789
2022-08-07 14:43:06,716 INFO: Epoch 66, step 1339-- val_loss : 1.2601020336151123
2022-08-07 14:43:06,807 INFO: Epoch 67, step 1349-- train_loss : 1.1316592693328857
2022-08-07 14:43:06,908 INFO: Epoch 67, step 1359-- val_loss : 1.256632685661316
2022-08-07 14:43:07,103 INFO: Epoch 68, step 1379-- val_loss : 1.253014326095581
2022-08-07 14:43:07,250 INFO: Epoch 69, step 1399-- train_loss : 1.0479353666305542
2022-08-07 14:43:07,307 INFO: Epoch 69, step 1399-- val_loss : 1.25031316280365
2022-08-07 14:43:07,495 INFO: Epoch 70, step 1419-- val_loss : 1.2479249238967896
2022-08-07 14:43:07,673 INFO: Epoch 71, step 1439-- val_loss : 1.2445318698883057
2022-08-07 14:43:07,770 INFO: Epoch 72, step 1449-- train_loss : 1.5427767038345337
2022-08-07 14:43:07,863 INFO: Epoch 72, step 1459-- val_loss : 1.2439206838607788
2022-08-07 14:43:08,050 INFO: Epoch 73, step 1479-- val_loss : 1.241797924041748
2022-08-07 14:43:08,179 INFO: Epoch 74, step 1499-- train_loss : 1.3022527694702148
2022-08-07 14:43:08,236 INFO: Epoch 74, step 1499-- val_loss : 1.2394421100616455
2022-08-07 14:43:08,424 INFO: Epoch 75, step 1519-- val_loss : 1.2378053665161133
2022-08-07 14:43:08,616 INFO: Epoch 76, step 1539-- val_loss : 1.2371851205825806
2022-08-07 14:43:08,718 INFO: Epoch 77, step 1549-- train_loss : 1.0983823537826538
2022-08-07 14:43:08,813 INFO: Epoch 77, step 1559-- val_loss : 1.2373377084732056
2022-08-07 14:43:09,007 INFO: Epoch 78, step 1579-- val_loss : 1.2350006103515625
2022-08-07 14:43:09,148 INFO: Epoch 79, step 1599-- train_loss : 0.9251599311828613
2022-08-07 14:43:09,206 INFO: Epoch 79, step 1599-- val_loss : 1.2270375490188599
2022-08-07 14:43:09,397 INFO: Epoch 80, step 1619-- val_loss : 1.222767949104309
2022-08-07 14:43:09,590 INFO: Epoch 81, step 1639-- val_loss : 1.2212854623794556
2022-08-07 14:43:09,693 INFO: Epoch 82, step 1649-- train_loss : 1.312973976135254
2022-08-07 14:43:09,787 INFO: Epoch 82, step 1659-- val_loss : 1.2192258834838867
2022-08-07 14:43:09,981 INFO: Epoch 83, step 1679-- val_loss : 1.215263843536377
2022-08-07 14:43:10,112 INFO: Epoch 84, step 1699-- train_loss : 1.200351595878601
2022-08-07 14:43:10,169 INFO: Epoch 84, step 1699-- val_loss : 1.2148940563201904
2022-08-07 14:43:10,352 INFO: Epoch 85, step 1719-- val_loss : 1.212435245513916
2022-08-07 14:43:10,540 INFO: Epoch 86, step 1739-- val_loss : 1.2084324359893799
2022-08-07 14:43:10,635 INFO: Epoch 87, step 1749-- train_loss : 1.3836442232131958
2022-08-07 14:43:10,731 INFO: Epoch 87, step 1759-- val_loss : 1.205475926399231
2022-08-07 14:43:10,911 INFO: Epoch 88, step 1779-- val_loss : 1.2045812606811523
2022-08-07 14:43:11,050 INFO: Epoch 89, step 1799-- train_loss : 1.8767025470733643
2022-08-07 14:43:11,107 INFO: Epoch 89, step 1799-- val_loss : 1.2007880210876465
2022-08-07 14:43:11,300 INFO: Epoch 90, step 1819-- val_loss : 1.199974775314331
2022-08-07 14:43:11,492 INFO: Epoch 91, step 1839-- val_loss : 1.202142596244812
2022-08-07 14:43:11,586 INFO: Epoch 92, step 1849-- train_loss : 1.1949714422225952
2022-08-07 14:43:11,680 INFO: Epoch 92, step 1859-- val_loss : 1.1989308595657349
2022-08-07 14:43:11,863 INFO: Epoch 93, step 1879-- val_loss : 1.1965793371200562
2022-08-07 14:43:11,996 INFO: Epoch 94, step 1899-- train_loss : 1.4949778318405151
2022-08-07 14:43:12,052 INFO: Epoch 94, step 1899-- val_loss : 1.1939918994903564
2022-08-07 14:43:12,240 INFO: Epoch 95, step 1919-- val_loss : 1.1919759511947632
2022-08-07 14:43:12,435 INFO: Epoch 96, step 1939-- val_loss : 1.1911203861236572
2022-08-07 14:43:12,534 INFO: Epoch 97, step 1949-- train_loss : 1.3479130268096924
2022-08-07 14:43:12,632 INFO: Epoch 97, step 1959-- val_loss : 1.188766598701477
2022-08-07 14:43:12,817 INFO: Epoch 98, step 1979-- val_loss : 1.186673879623413
2022-08-07 14:43:12,953 INFO: Epoch 99, step 1999-- train_loss : 0.8653619885444641
2022-08-07 14:43:13,008 INFO: Epoch 99, step 1999-- val_loss : 1.185994267463684
2022-08-07 14:43:13,018 INFO: Loaded model with from /home/samlg/projects/dl-chem-101/01_prop_pred_FFN/results/2022_08_07_hidden_size_sweep/2022_08_07-1442_770195_18e3d7c411499f7f75f0f3437a29c466/version_0/epoch=99-val_loss=1.19.ckpt with val loss of 1.185994267463684
2022-08-07 14:43:13,080 INFO: Epoch 99, step 2000-- test_loss : 1.5167548656463623
2022-08-07 14:43:13,082 INFO: Program finished in: 22.137587070465088 seconds
