2022-08-07 14:43:14,184 INFO: Args:
batch_size: 32
dataset_name: caco
debug: false
dropout: 0.1
gpu: false
hidden_size: 128
layers: 3
max_epochs: 100
num_workers: 1
save_dir: results/2022_08_07_hidden_size_sweep/2022_08_07-1442_770236_d64d6bf8e533e0502e7f1d0de70d3719
seed: 1

2022-08-07 14:43:17,760 INFO: Train, val, test sizes: (637, 91, 182)

  | Name              | Type       | Params
-------------------------------------------------
0 | activation        | ReLU       | 0     
1 | output_activation | Identity   | 0     
2 | mlp               | MLPBlocks  | 295 K 
3 | output_layer      | Sequential | 129   
-------------------------------------------------
295 K     Trainable params
0         Non-trainable params
295 K     Total params
1.182     Total estimated model params size (MB)
2022-08-07 14:43:18,092 INFO: Epoch 0, step 19-- val_loss : 5.289223670959473
2022-08-07 14:43:18,287 INFO: Epoch 1, step 39-- val_loss : 3.2155392169952393
2022-08-07 14:43:18,393 INFO: Epoch 2, step 49-- train_loss : 1.9699909687042236
2022-08-07 14:43:18,484 INFO: Epoch 2, step 59-- val_loss : 1.981862187385559
2022-08-07 14:43:18,690 INFO: Epoch 3, step 79-- val_loss : 1.7059805393218994
2022-08-07 14:43:18,834 INFO: Epoch 4, step 99-- train_loss : 1.6283475160598755
2022-08-07 14:43:18,889 INFO: Epoch 4, step 99-- val_loss : 1.5180244445800781
2022-08-07 14:43:19,109 INFO: Epoch 5, step 119-- val_loss : 1.3730500936508179
2022-08-07 14:43:19,309 INFO: Epoch 6, step 139-- val_loss : 1.2803807258605957
2022-08-07 14:43:19,412 INFO: Epoch 7, step 149-- train_loss : 0.8662620782852173
2022-08-07 14:43:19,507 INFO: Epoch 7, step 159-- val_loss : 1.2263575792312622
2022-08-07 14:43:19,713 INFO: Epoch 8, step 179-- val_loss : 1.1970012187957764
2022-08-07 14:43:19,858 INFO: Epoch 9, step 199-- train_loss : 1.287057876586914
2022-08-07 14:43:19,912 INFO: Epoch 9, step 199-- val_loss : 1.167374849319458
2022-08-07 14:43:20,121 INFO: Epoch 10, step 219-- val_loss : 1.1529978513717651
2022-08-07 14:43:20,329 INFO: Epoch 11, step 239-- val_loss : 1.1414695978164673
2022-08-07 14:43:20,440 INFO: Epoch 12, step 249-- train_loss : 0.8197295069694519
2022-08-07 14:43:20,541 INFO: Epoch 12, step 259-- val_loss : 1.1282871961593628
2022-08-07 14:43:20,747 INFO: Epoch 13, step 279-- val_loss : 1.124037265777588
2022-08-07 14:43:20,897 INFO: Epoch 14, step 299-- train_loss : 0.9774916172027588
2022-08-07 14:43:20,956 INFO: Epoch 14, step 299-- val_loss : 1.1102714538574219
2022-08-07 14:43:21,162 INFO: Epoch 15, step 319-- val_loss : 1.1037406921386719
2022-08-07 14:43:21,356 INFO: Epoch 16, step 339-- val_loss : 1.1029905080795288
2022-08-07 14:43:21,466 INFO: Epoch 17, step 349-- train_loss : 0.6862797737121582
2022-08-07 14:43:21,569 INFO: Epoch 17, step 359-- val_loss : 1.0997484922409058
2022-08-07 14:43:21,778 INFO: Epoch 18, step 379-- val_loss : 1.0958954095840454
2022-08-07 14:43:21,934 INFO: Epoch 19, step 399-- train_loss : 0.7041797041893005
2022-08-07 14:43:21,988 INFO: Epoch 19, step 399-- val_loss : 1.0930957794189453
2022-08-07 14:43:22,190 INFO: Epoch 20, step 419-- val_loss : 1.0914192199707031
2022-08-07 14:43:22,391 INFO: Epoch 21, step 439-- val_loss : 1.0890263319015503
2022-08-07 14:43:22,503 INFO: Epoch 22, step 449-- train_loss : 1.247854232788086
2022-08-07 14:43:22,594 INFO: Epoch 22, step 459-- val_loss : 1.0892674922943115
2022-08-07 14:43:22,798 INFO: Epoch 23, step 479-- val_loss : 1.0870332717895508
2022-08-07 14:43:22,948 INFO: Epoch 24, step 499-- train_loss : 0.6867296099662781
2022-08-07 14:43:23,014 INFO: Epoch 24, step 499-- val_loss : 1.0850815773010254
2022-08-07 14:43:23,225 INFO: Epoch 25, step 519-- val_loss : 1.0818872451782227
2022-08-07 14:43:23,429 INFO: Epoch 26, step 539-- val_loss : 1.0805814266204834
2022-08-07 14:43:23,544 INFO: Epoch 27, step 549-- train_loss : 0.8767968416213989
2022-08-07 14:43:23,645 INFO: Epoch 27, step 559-- val_loss : 1.0795104503631592
2022-08-07 14:43:23,856 INFO: Epoch 28, step 579-- val_loss : 1.0770126581192017
2022-08-07 14:43:24,007 INFO: Epoch 29, step 599-- train_loss : 1.2837892770767212
2022-08-07 14:43:24,065 INFO: Epoch 29, step 599-- val_loss : 1.0758507251739502
2022-08-07 14:43:24,268 INFO: Epoch 30, step 619-- val_loss : 1.073154330253601
2022-08-07 14:43:24,485 INFO: Epoch 31, step 639-- val_loss : 1.0702018737792969
2022-08-07 14:43:24,608 INFO: Epoch 32, step 649-- train_loss : 1.5979149341583252
2022-08-07 14:43:24,708 INFO: Epoch 32, step 659-- val_loss : 1.0686028003692627
2022-08-07 14:43:24,908 INFO: Epoch 33, step 679-- val_loss : 1.0661894083023071
2022-08-07 14:43:25,062 INFO: Epoch 34, step 699-- train_loss : 0.7410385608673096
2022-08-07 14:43:25,112 INFO: Epoch 34, step 699-- val_loss : 1.067309021949768
2022-08-07 14:43:25,302 INFO: Epoch 35, step 719-- val_loss : 1.0642588138580322
2022-08-07 14:43:25,520 INFO: Epoch 36, step 739-- val_loss : 1.0617636442184448
2022-08-07 14:43:25,632 INFO: Epoch 37, step 749-- train_loss : 1.3217520713806152
2022-08-07 14:43:25,735 INFO: Epoch 37, step 759-- val_loss : 1.0608750581741333
2022-08-07 14:43:25,949 INFO: Epoch 38, step 779-- val_loss : 1.0594313144683838
2022-08-07 14:43:26,110 INFO: Epoch 39, step 799-- train_loss : 0.8399931192398071
2022-08-07 14:43:26,172 INFO: Epoch 39, step 799-- val_loss : 1.0591118335723877
2022-08-07 14:43:26,385 INFO: Epoch 40, step 819-- val_loss : 1.0567299127578735
2022-08-07 14:43:26,589 INFO: Epoch 41, step 839-- val_loss : 1.056167483329773
2022-08-07 14:43:26,710 INFO: Epoch 42, step 849-- train_loss : 0.8988863229751587
2022-08-07 14:43:26,808 INFO: Epoch 42, step 859-- val_loss : 1.0531898736953735
2022-08-07 14:43:27,035 INFO: Epoch 43, step 879-- val_loss : 1.0500704050064087
2022-08-07 14:43:27,201 INFO: Epoch 44, step 899-- train_loss : 0.9611791968345642
2022-08-07 14:43:27,259 INFO: Epoch 44, step 899-- val_loss : 1.0485354661941528
2022-08-07 14:43:27,481 INFO: Epoch 45, step 919-- val_loss : 1.046975016593933
2022-08-07 14:43:27,693 INFO: Epoch 46, step 939-- val_loss : 1.046609878540039
2022-08-07 14:43:27,797 INFO: Epoch 47, step 949-- train_loss : 0.8490381240844727
2022-08-07 14:43:27,897 INFO: Epoch 47, step 959-- val_loss : 1.0474365949630737
2022-08-07 14:43:28,095 INFO: Epoch 48, step 979-- val_loss : 1.0432859659194946
2022-08-07 14:43:28,246 INFO: Epoch 49, step 999-- train_loss : 1.2260034084320068
2022-08-07 14:43:28,301 INFO: Epoch 49, step 999-- val_loss : 1.0416676998138428
2022-08-07 14:43:28,511 INFO: Epoch 50, step 1019-- val_loss : 1.0407755374908447
2022-08-07 14:43:28,733 INFO: Epoch 51, step 1039-- val_loss : 1.0407849550247192
2022-08-07 14:43:28,841 INFO: Epoch 52, step 1049-- train_loss : 0.8959420919418335
2022-08-07 14:43:28,942 INFO: Epoch 52, step 1059-- val_loss : 1.037827730178833
2022-08-07 14:43:29,150 INFO: Epoch 53, step 1079-- val_loss : 1.03506338596344
2022-08-07 14:43:29,298 INFO: Epoch 54, step 1099-- train_loss : 1.0202522277832031
2022-08-07 14:43:29,361 INFO: Epoch 54, step 1099-- val_loss : 1.0342552661895752
2022-08-07 14:43:29,581 INFO: Epoch 55, step 1119-- val_loss : 1.033493995666504
2022-08-07 14:43:29,805 INFO: Epoch 56, step 1139-- val_loss : 1.0342445373535156
2022-08-07 14:43:29,916 INFO: Epoch 57, step 1149-- train_loss : 0.6870859861373901
2022-08-07 14:43:30,016 INFO: Epoch 57, step 1159-- val_loss : 1.034145474433899
2022-08-07 14:43:30,222 INFO: Epoch 58, step 1179-- val_loss : 1.0298399925231934
2022-08-07 14:43:30,367 INFO: Epoch 59, step 1199-- train_loss : 1.2195695638656616
2022-08-07 14:43:30,418 INFO: Epoch 59, step 1199-- val_loss : 1.0286086797714233
2022-08-07 14:43:30,655 INFO: Epoch 60, step 1219-- val_loss : 1.027876853942871
2022-08-07 14:43:30,859 INFO: Epoch 61, step 1239-- val_loss : 1.0276726484298706
2022-08-07 14:43:30,963 INFO: Epoch 62, step 1249-- train_loss : 0.8015453815460205
2022-08-07 14:43:31,065 INFO: Epoch 62, step 1259-- val_loss : 1.0268956422805786
2022-08-07 14:43:31,283 INFO: Epoch 63, step 1279-- val_loss : 1.0241546630859375
2022-08-07 14:43:31,432 INFO: Epoch 64, step 1299-- train_loss : 1.3650120496749878
2022-08-07 14:43:31,490 INFO: Epoch 64, step 1299-- val_loss : 1.020770788192749
2022-08-07 14:43:31,692 INFO: Epoch 65, step 1319-- val_loss : 1.0187201499938965
2022-08-07 14:43:31,914 INFO: Epoch 66, step 1339-- val_loss : 1.0199919939041138
2022-08-07 14:43:32,022 INFO: Epoch 67, step 1349-- train_loss : 0.826133131980896
2022-08-07 14:43:32,122 INFO: Epoch 67, step 1359-- val_loss : 1.017690896987915
2022-08-07 14:43:32,333 INFO: Epoch 68, step 1379-- val_loss : 1.0157623291015625
2022-08-07 14:43:32,477 INFO: Epoch 69, step 1399-- train_loss : 0.6805672645568848
2022-08-07 14:43:32,527 INFO: Epoch 69, step 1399-- val_loss : 1.0156183242797852
2022-08-07 14:43:32,739 INFO: Epoch 70, step 1419-- val_loss : 1.016102910041809
2022-08-07 14:43:32,942 INFO: Epoch 71, step 1439-- val_loss : 1.0143252611160278
2022-08-07 14:43:33,064 INFO: Epoch 72, step 1449-- train_loss : 0.9882469177246094
2022-08-07 14:43:33,161 INFO: Epoch 72, step 1459-- val_loss : 1.0116865634918213
2022-08-07 14:43:33,381 INFO: Epoch 73, step 1479-- val_loss : 1.0124481916427612
2022-08-07 14:43:33,523 INFO: Epoch 74, step 1499-- train_loss : 1.0568832159042358
2022-08-07 14:43:33,587 INFO: Epoch 74, step 1499-- val_loss : 1.0122543573379517
2022-08-07 14:43:33,788 INFO: Epoch 75, step 1519-- val_loss : 1.0104584693908691
2022-08-07 14:43:34,005 INFO: Epoch 76, step 1539-- val_loss : 1.0082215070724487
2022-08-07 14:43:34,116 INFO: Epoch 77, step 1549-- train_loss : 1.4643070697784424
2022-08-07 14:43:34,216 INFO: Epoch 77, step 1559-- val_loss : 1.0086678266525269
2022-08-07 14:43:34,434 INFO: Epoch 78, step 1579-- val_loss : 1.006845474243164
2022-08-07 14:43:34,592 INFO: Epoch 79, step 1599-- train_loss : 0.7017634510993958
2022-08-07 14:43:34,655 INFO: Epoch 79, step 1599-- val_loss : 1.0045610666275024
2022-08-07 14:43:34,887 INFO: Epoch 80, step 1619-- val_loss : 1.0046887397766113
2022-08-07 14:43:35,089 INFO: Epoch 81, step 1639-- val_loss : 1.0077766180038452
2022-08-07 14:43:35,206 INFO: Epoch 82, step 1649-- train_loss : 1.4008140563964844
2022-08-07 14:43:35,303 INFO: Epoch 82, step 1659-- val_loss : 1.003778338432312
2022-08-07 14:43:35,512 INFO: Epoch 83, step 1679-- val_loss : 1.0032702684402466
2022-08-07 14:43:35,665 INFO: Epoch 84, step 1699-- train_loss : 0.7938125133514404
2022-08-07 14:43:35,719 INFO: Epoch 84, step 1699-- val_loss : 1.003888487815857
2022-08-07 14:43:35,921 INFO: Epoch 85, step 1719-- val_loss : 1.0039442777633667
2022-08-07 14:43:36,121 INFO: Epoch 86, step 1739-- val_loss : 1.0024584531784058
2022-08-07 14:43:36,243 INFO: Epoch 87, step 1749-- train_loss : 0.8385992050170898
2022-08-07 14:43:36,342 INFO: Epoch 87, step 1759-- val_loss : 1.0014803409576416
2022-08-07 14:43:36,565 INFO: Epoch 88, step 1779-- val_loss : 1.0013788938522339
2022-08-07 14:43:36,734 INFO: Epoch 89, step 1799-- train_loss : 0.7525224685668945
2022-08-07 14:43:36,794 INFO: Epoch 89, step 1799-- val_loss : 0.9990750551223755
2022-08-07 14:43:37,008 INFO: Epoch 90, step 1819-- val_loss : 0.9961872100830078
2022-08-07 14:43:37,224 INFO: Epoch 91, step 1839-- val_loss : 0.9942664504051208
2022-08-07 14:43:37,339 INFO: Epoch 92, step 1849-- train_loss : 0.685349702835083
2022-08-07 14:43:37,438 INFO: Epoch 92, step 1859-- val_loss : 0.9948710203170776
2022-08-07 14:43:37,649 INFO: Epoch 93, step 1879-- val_loss : 0.9937335252761841
2022-08-07 14:43:37,812 INFO: Epoch 94, step 1899-- train_loss : 1.0240755081176758
2022-08-07 14:43:37,870 INFO: Epoch 94, step 1899-- val_loss : 0.9925971627235413
2022-08-07 14:43:38,081 INFO: Epoch 95, step 1919-- val_loss : 0.995324432849884
2022-08-07 14:43:38,281 INFO: Epoch 96, step 1939-- val_loss : 0.9941051602363586
2022-08-07 14:43:38,394 INFO: Epoch 97, step 1949-- train_loss : 0.8519803285598755
2022-08-07 14:43:38,491 INFO: Epoch 97, step 1959-- val_loss : 0.990836501121521
2022-08-07 14:43:38,705 INFO: Epoch 98, step 1979-- val_loss : 0.9916638135910034
2022-08-07 14:43:38,856 INFO: Epoch 99, step 1999-- train_loss : 0.8815251588821411
2022-08-07 14:43:38,910 INFO: Epoch 99, step 1999-- val_loss : 0.9934399724006653
2022-08-07 14:43:38,917 INFO: Loaded model with from /home/samlg/projects/dl-chem-101/01_prop_pred_FFN/results/2022_08_07_hidden_size_sweep/2022_08_07-1442_770236_d64d6bf8e533e0502e7f1d0de70d3719/version_0/epoch=97-val_loss=0.99.ckpt with val loss of 0.990836501121521
2022-08-07 14:43:38,981 INFO: Epoch 99, step 2000-- test_loss : 1.3468077182769775
2022-08-07 14:43:38,983 INFO: Program finished in: 24.801278352737427 seconds
