2022-08-07 13:01:00,319 INFO: Args:
batch_size: 64
dataset_name: caco
debug: false
dropout: 0.1
gpu: true
hidden_size: 256
layers: 3
max_epochs: 500
num_workers: 0
save_dir: results/example_run/
seed: 42

2022-08-07 13:01:00,527 INFO: Train, val, test sizes: (637, 91, 182)

  | Name              | Type       | Params
-------------------------------------------------
0 | activation        | ReLU       | 0     
1 | output_activation | Identity   | 0     
2 | mlp               | MLPBlocks  | 656 K 
3 | output_layer      | Sequential | 257   
-------------------------------------------------
656 K     Trainable params
0         Non-trainable params
656 K     Total params
2.626     Total estimated model params size (MB)
2022-08-07 13:01:02,022 INFO: Epoch 0, step 9-- val_loss : 9.305825233459473
2022-08-07 13:01:02,065 INFO: Epoch 1, step 19-- val_loss : 2.770545482635498
2022-08-07 13:01:02,107 INFO: Epoch 2, step 29-- val_loss : 2.7783377170562744
2022-08-07 13:01:02,139 INFO: Epoch 3, step 39-- val_loss : 2.1309688091278076
2022-08-07 13:01:02,179 INFO: Epoch 4, step 49-- train_loss : 1.9410686492919922
2022-08-07 13:01:02,181 INFO: Epoch 4, step 49-- val_loss : 1.8983261585235596
2022-08-07 13:01:02,223 INFO: Epoch 5, step 59-- val_loss : 1.6802018880844116
2022-08-07 13:01:02,265 INFO: Epoch 6, step 69-- val_loss : 1.5692451000213623
2022-08-07 13:01:02,307 INFO: Epoch 7, step 79-- val_loss : 1.4988123178482056
2022-08-07 13:01:02,348 INFO: Epoch 8, step 89-- val_loss : 1.4314632415771484
2022-08-07 13:01:02,388 INFO: Epoch 9, step 99-- train_loss : 1.2390859127044678
2022-08-07 13:01:02,391 INFO: Epoch 9, step 99-- val_loss : 1.3834867477416992
2022-08-07 13:01:02,432 INFO: Epoch 10, step 109-- val_loss : 1.3518447875976562
2022-08-07 13:01:02,474 INFO: Epoch 11, step 119-- val_loss : 1.3321964740753174
2022-08-07 13:01:02,516 INFO: Epoch 12, step 129-- val_loss : 1.3111848831176758
2022-08-07 13:01:02,557 INFO: Epoch 13, step 139-- val_loss : 1.2950706481933594
2022-08-07 13:01:02,596 INFO: Epoch 14, step 149-- train_loss : 1.0115516185760498
2022-08-07 13:01:02,599 INFO: Epoch 14, step 149-- val_loss : 1.2839062213897705
2022-08-07 13:01:02,641 INFO: Epoch 15, step 159-- val_loss : 1.2763147354125977
2022-08-07 13:01:02,683 INFO: Epoch 16, step 169-- val_loss : 1.271111011505127
2022-08-07 13:01:02,724 INFO: Epoch 17, step 179-- val_loss : 1.2657254934310913
2022-08-07 13:01:02,766 INFO: Epoch 18, step 189-- val_loss : 1.2605855464935303
2022-08-07 13:01:02,805 INFO: Epoch 19, step 199-- train_loss : 0.8909637928009033
2022-08-07 13:01:02,808 INFO: Epoch 19, step 199-- val_loss : 1.2566454410552979
2022-08-07 13:01:02,849 INFO: Epoch 20, step 209-- val_loss : 1.2529592514038086
2022-08-07 13:01:02,891 INFO: Epoch 21, step 219-- val_loss : 1.249465823173523
2022-08-07 13:01:02,933 INFO: Epoch 22, step 229-- val_loss : 1.2457587718963623
2022-08-07 13:01:02,974 INFO: Epoch 23, step 239-- val_loss : 1.242293357849121
2022-08-07 13:01:03,014 INFO: Epoch 24, step 249-- train_loss : 1.090276837348938
2022-08-07 13:01:03,016 INFO: Epoch 24, step 249-- val_loss : 1.2395708560943604
2022-08-07 13:01:03,058 INFO: Epoch 25, step 259-- val_loss : 1.2364180088043213
2022-08-07 13:01:03,100 INFO: Epoch 26, step 269-- val_loss : 1.2330821752548218
2022-08-07 13:01:03,141 INFO: Epoch 27, step 279-- val_loss : 1.229677677154541
2022-08-07 13:01:03,183 INFO: Epoch 28, step 289-- val_loss : 1.2269749641418457
2022-08-07 13:01:03,222 INFO: Epoch 29, step 299-- train_loss : 1.0393604040145874
2022-08-07 13:01:03,225 INFO: Epoch 29, step 299-- val_loss : 1.223319411277771
2022-08-07 13:01:03,266 INFO: Epoch 30, step 309-- val_loss : 1.2202142477035522
2022-08-07 13:01:03,308 INFO: Epoch 31, step 319-- val_loss : 1.2167325019836426
2022-08-07 13:01:03,350 INFO: Epoch 32, step 329-- val_loss : 1.214276909828186
2022-08-07 13:01:03,391 INFO: Epoch 33, step 339-- val_loss : 1.2110116481781006
2022-08-07 13:01:03,431 INFO: Epoch 34, step 349-- train_loss : 0.8245726823806763
2022-08-07 13:01:03,433 INFO: Epoch 34, step 349-- val_loss : 1.207666039466858
2022-08-07 13:01:03,475 INFO: Epoch 35, step 359-- val_loss : 1.2051864862442017
2022-08-07 13:01:03,517 INFO: Epoch 36, step 369-- val_loss : 1.2024619579315186
2022-08-07 13:01:03,558 INFO: Epoch 37, step 379-- val_loss : 1.1986868381500244
2022-08-07 13:01:03,600 INFO: Epoch 38, step 389-- val_loss : 1.1959526538848877
2022-08-07 13:01:03,639 INFO: Epoch 39, step 399-- train_loss : 0.9937888383865356
2022-08-07 13:01:03,642 INFO: Epoch 39, step 399-- val_loss : 1.1928460597991943
2022-08-07 13:01:03,684 INFO: Epoch 40, step 409-- val_loss : 1.190879225730896
2022-08-07 13:01:03,725 INFO: Epoch 41, step 419-- val_loss : 1.188027262687683
2022-08-07 13:01:03,767 INFO: Epoch 42, step 429-- val_loss : 1.185104489326477
2022-08-07 13:01:03,808 INFO: Epoch 43, step 439-- val_loss : 1.1810966730117798
2022-08-07 13:01:03,848 INFO: Epoch 44, step 449-- train_loss : 0.858727216720581
2022-08-07 13:01:03,850 INFO: Epoch 44, step 449-- val_loss : 1.17746102809906
2022-08-07 13:01:03,892 INFO: Epoch 45, step 459-- val_loss : 1.1748260259628296
2022-08-07 13:01:03,933 INFO: Epoch 46, step 469-- val_loss : 1.1715397834777832
2022-08-07 13:01:03,975 INFO: Epoch 47, step 479-- val_loss : 1.169189453125
2022-08-07 13:01:04,017 INFO: Epoch 48, step 489-- val_loss : 1.1668932437896729
2022-08-07 13:01:04,056 INFO: Epoch 49, step 499-- train_loss : 0.8181156516075134
2022-08-07 13:01:04,059 INFO: Epoch 49, step 499-- val_loss : 1.1644338369369507
2022-08-07 13:01:04,100 INFO: Epoch 50, step 509-- val_loss : 1.162286639213562
2022-08-07 13:01:04,142 INFO: Epoch 51, step 519-- val_loss : 1.15939462184906
2022-08-07 13:01:04,183 INFO: Epoch 52, step 529-- val_loss : 1.1580299139022827
2022-08-07 13:01:04,225 INFO: Epoch 53, step 539-- val_loss : 1.155091643333435
2022-08-07 13:01:04,265 INFO: Epoch 54, step 549-- train_loss : 0.8479698896408081
2022-08-07 13:01:04,267 INFO: Epoch 54, step 549-- val_loss : 1.152797818183899
2022-08-07 13:01:04,309 INFO: Epoch 55, step 559-- val_loss : 1.1503608226776123
2022-08-07 13:01:04,351 INFO: Epoch 56, step 569-- val_loss : 1.147999882698059
2022-08-07 13:01:04,392 INFO: Epoch 57, step 579-- val_loss : 1.145354151725769
2022-08-07 13:01:04,434 INFO: Epoch 58, step 589-- val_loss : 1.144404649734497
2022-08-07 13:01:04,473 INFO: Epoch 59, step 599-- train_loss : 0.8078815937042236
2022-08-07 13:01:04,476 INFO: Epoch 59, step 599-- val_loss : 1.1422014236450195
2022-08-07 13:01:04,517 INFO: Epoch 60, step 609-- val_loss : 1.1389518976211548
2022-08-07 13:01:04,559 INFO: Epoch 61, step 619-- val_loss : 1.1357829570770264
2022-08-07 13:01:04,601 INFO: Epoch 62, step 629-- val_loss : 1.1336658000946045
2022-08-07 13:01:04,642 INFO: Epoch 63, step 639-- val_loss : 1.1315947771072388
2022-08-07 13:01:04,681 INFO: Epoch 64, step 649-- train_loss : 1.0023572444915771
2022-08-07 13:01:04,684 INFO: Epoch 64, step 649-- val_loss : 1.1291892528533936
2022-08-07 13:01:04,726 INFO: Epoch 65, step 659-- val_loss : 1.1276516914367676
2022-08-07 13:01:04,767 INFO: Epoch 66, step 669-- val_loss : 1.126724362373352
2022-08-07 13:01:04,809 INFO: Epoch 67, step 679-- val_loss : 1.1240609884262085
2022-08-07 13:01:04,851 INFO: Epoch 68, step 689-- val_loss : 1.1218500137329102
2022-08-07 13:01:04,890 INFO: Epoch 69, step 699-- train_loss : 0.822929859161377
2022-08-07 13:01:04,893 INFO: Epoch 69, step 699-- val_loss : 1.1204211711883545
2022-08-07 13:01:04,934 INFO: Epoch 70, step 709-- val_loss : 1.1191295385360718
2022-08-07 13:01:04,976 INFO: Epoch 71, step 719-- val_loss : 1.1177583932876587
2022-08-07 13:01:05,017 INFO: Epoch 72, step 729-- val_loss : 1.1151710748672485
2022-08-07 13:01:05,059 INFO: Epoch 73, step 739-- val_loss : 1.113230586051941
2022-08-07 13:01:05,098 INFO: Epoch 74, step 749-- train_loss : 0.748656690120697
2022-08-07 13:01:05,101 INFO: Epoch 74, step 749-- val_loss : 1.1098119020462036
2022-08-07 13:01:05,142 INFO: Epoch 75, step 759-- val_loss : 1.1071945428848267
2022-08-07 13:01:05,184 INFO: Epoch 76, step 769-- val_loss : 1.1049169301986694
2022-08-07 13:01:05,226 INFO: Epoch 77, step 779-- val_loss : 1.1036213636398315
2022-08-07 13:01:05,267 INFO: Epoch 78, step 789-- val_loss : 1.1030123233795166
2022-08-07 13:01:05,307 INFO: Epoch 79, step 799-- train_loss : 0.9323713779449463
2022-08-07 13:01:05,309 INFO: Epoch 79, step 799-- val_loss : 1.1028581857681274
2022-08-07 13:01:05,351 INFO: Epoch 80, step 809-- val_loss : 1.10226309299469
2022-08-07 13:01:05,393 INFO: Epoch 81, step 819-- val_loss : 1.1000958681106567
2022-08-07 13:01:05,434 INFO: Epoch 82, step 829-- val_loss : 1.0962882041931152
2022-08-07 13:01:05,476 INFO: Epoch 83, step 839-- val_loss : 1.0932351350784302
2022-08-07 13:01:05,515 INFO: Epoch 84, step 849-- train_loss : 1.0038362741470337
2022-08-07 13:01:05,518 INFO: Epoch 84, step 849-- val_loss : 1.0920205116271973
2022-08-07 13:01:05,560 INFO: Epoch 85, step 859-- val_loss : 1.0903651714324951
2022-08-07 13:01:05,601 INFO: Epoch 86, step 869-- val_loss : 1.0880128145217896
2022-08-07 13:01:05,643 INFO: Epoch 87, step 879-- val_loss : 1.0867255926132202
2022-08-07 13:01:05,684 INFO: Epoch 88, step 889-- val_loss : 1.0859612226486206
2022-08-07 13:01:05,723 INFO: Epoch 89, step 899-- train_loss : 0.9393203854560852
2022-08-07 13:01:05,726 INFO: Epoch 89, step 899-- val_loss : 1.0838282108306885
2022-08-07 13:01:05,767 INFO: Epoch 90, step 909-- val_loss : 1.0820287466049194
2022-08-07 13:01:05,808 INFO: Epoch 91, step 919-- val_loss : 1.0808358192443848
2022-08-07 13:01:05,850 INFO: Epoch 92, step 929-- val_loss : 1.078344702720642
2022-08-07 13:01:05,891 INFO: Epoch 93, step 939-- val_loss : 1.0768693685531616
2022-08-07 13:01:05,930 INFO: Epoch 94, step 949-- train_loss : 0.9417651891708374
2022-08-07 13:01:05,933 INFO: Epoch 94, step 949-- val_loss : 1.0759212970733643
2022-08-07 13:01:05,974 INFO: Epoch 95, step 959-- val_loss : 1.0749844312667847
2022-08-07 13:01:06,016 INFO: Epoch 96, step 969-- val_loss : 1.0739233493804932
2022-08-07 13:01:06,057 INFO: Epoch 97, step 979-- val_loss : 1.0727128982543945
2022-08-07 13:01:06,099 INFO: Epoch 98, step 989-- val_loss : 1.0710712671279907
2022-08-07 13:01:06,138 INFO: Epoch 99, step 999-- train_loss : 0.8932381272315979
2022-08-07 13:01:06,140 INFO: Epoch 99, step 999-- val_loss : 1.069218635559082
2022-08-07 13:01:06,182 INFO: Epoch 100, step 1009-- val_loss : 1.0677918195724487
2022-08-07 13:01:06,223 INFO: Epoch 101, step 1019-- val_loss : 1.0669574737548828
2022-08-07 13:01:06,265 INFO: Epoch 102, step 1029-- val_loss : 1.0637305974960327
2022-08-07 13:01:06,306 INFO: Epoch 103, step 1039-- val_loss : 1.0631685256958008
2022-08-07 13:01:06,345 INFO: Epoch 104, step 1049-- train_loss : 0.86834716796875
2022-08-07 13:01:06,348 INFO: Epoch 104, step 1049-- val_loss : 1.0629510879516602
2022-08-07 13:01:06,389 INFO: Epoch 105, step 1059-- val_loss : 1.0625368356704712
2022-08-07 13:01:06,431 INFO: Epoch 106, step 1069-- val_loss : 1.0595543384552002
2022-08-07 13:01:06,472 INFO: Epoch 107, step 1079-- val_loss : 1.0580922365188599
2022-08-07 13:01:06,513 INFO: Epoch 108, step 1089-- val_loss : 1.0579742193222046
2022-08-07 13:01:06,552 INFO: Epoch 109, step 1099-- train_loss : 0.6134153604507446
2022-08-07 13:01:06,555 INFO: Epoch 109, step 1099-- val_loss : 1.0575032234191895
2022-08-07 13:01:06,596 INFO: Epoch 110, step 1109-- val_loss : 1.0567326545715332
2022-08-07 13:01:06,637 INFO: Epoch 111, step 1119-- val_loss : 1.0548145771026611
2022-08-07 13:01:06,679 INFO: Epoch 112, step 1129-- val_loss : 1.0533254146575928
2022-08-07 13:01:06,720 INFO: Epoch 113, step 1139-- val_loss : 1.0524297952651978
2022-08-07 13:01:06,759 INFO: Epoch 114, step 1149-- train_loss : 0.724570095539093
2022-08-07 13:01:06,762 INFO: Epoch 114, step 1149-- val_loss : 1.0515342950820923
2022-08-07 13:01:06,803 INFO: Epoch 115, step 1159-- val_loss : 1.0508164167404175
2022-08-07 13:01:06,844 INFO: Epoch 116, step 1169-- val_loss : 1.0509248971939087
2022-08-07 13:01:06,876 INFO: Epoch 117, step 1179-- val_loss : 1.047676682472229
2022-08-07 13:01:06,917 INFO: Epoch 118, step 1189-- val_loss : 1.0472218990325928
2022-08-07 13:01:06,956 INFO: Epoch 119, step 1199-- train_loss : 0.9558797478675842
2022-08-07 13:01:06,959 INFO: Epoch 119, step 1199-- val_loss : 1.047144889831543
2022-08-07 13:01:07,000 INFO: Epoch 120, step 1209-- val_loss : 1.0475729703903198
2022-08-07 13:01:07,032 INFO: Epoch 121, step 1219-- val_loss : 1.044930100440979
2022-08-07 13:01:07,073 INFO: Epoch 122, step 1229-- val_loss : 1.0427510738372803
2022-08-07 13:01:07,115 INFO: Epoch 123, step 1239-- val_loss : 1.04133141040802
2022-08-07 13:01:07,154 INFO: Epoch 124, step 1249-- train_loss : 0.8180561661720276
2022-08-07 13:01:07,156 INFO: Epoch 124, step 1249-- val_loss : 1.039984107017517
2022-08-07 13:01:07,198 INFO: Epoch 125, step 1259-- val_loss : 1.039722204208374
2022-08-07 13:01:07,240 INFO: Epoch 126, step 1269-- val_loss : 1.0396071672439575
2022-08-07 13:01:07,281 INFO: Epoch 127, step 1279-- val_loss : 1.0375831127166748
2022-08-07 13:01:07,323 INFO: Epoch 128, step 1289-- val_loss : 1.0384596586227417
2022-08-07 13:01:07,353 INFO: Epoch 129, step 1299-- train_loss : 1.0665132999420166
2022-08-07 13:01:07,355 INFO: Epoch 129, step 1299-- val_loss : 1.0380353927612305
2022-08-07 13:01:07,387 INFO: Epoch 130, step 1309-- val_loss : 1.0349256992340088
2022-08-07 13:01:07,428 INFO: Epoch 131, step 1319-- val_loss : 1.0322099924087524
2022-08-07 13:01:07,470 INFO: Epoch 132, step 1329-- val_loss : 1.0307343006134033
2022-08-07 13:01:07,511 INFO: Epoch 133, step 1339-- val_loss : 1.0310335159301758
2022-08-07 13:01:07,541 INFO: Epoch 134, step 1349-- train_loss : 1.0130761861801147
2022-08-07 13:01:07,544 INFO: Epoch 134, step 1349-- val_loss : 1.0314799547195435
2022-08-07 13:01:07,575 INFO: Epoch 135, step 1359-- val_loss : 1.0314327478408813
2022-08-07 13:01:07,607 INFO: Epoch 136, step 1369-- val_loss : 1.0309568643569946
2022-08-07 13:01:07,639 INFO: Epoch 137, step 1379-- val_loss : 1.0293998718261719
2022-08-07 13:01:07,681 INFO: Epoch 138, step 1389-- val_loss : 1.0292659997940063
2022-08-07 13:01:07,720 INFO: Epoch 139, step 1399-- train_loss : 0.6684162616729736
2022-08-07 13:01:07,723 INFO: Epoch 139, step 1399-- val_loss : 1.027553677558899
2022-08-07 13:01:07,764 INFO: Epoch 140, step 1409-- val_loss : 1.0283317565917969
2022-08-07 13:01:07,796 INFO: Epoch 141, step 1419-- val_loss : 1.0268038511276245
2022-08-07 13:01:07,838 INFO: Epoch 142, step 1429-- val_loss : 1.0254610776901245
2022-08-07 13:01:07,879 INFO: Epoch 143, step 1439-- val_loss : 1.02511465549469
2022-08-07 13:01:07,919 INFO: Epoch 144, step 1449-- train_loss : 0.6797521114349365
2022-08-07 13:01:07,921 INFO: Epoch 144, step 1449-- val_loss : 1.02440345287323
2022-08-07 13:01:07,963 INFO: Epoch 145, step 1459-- val_loss : 1.022924780845642
2022-08-07 13:01:08,004 INFO: Epoch 146, step 1469-- val_loss : 1.0218794345855713
2022-08-07 13:01:08,045 INFO: Epoch 147, step 1479-- val_loss : 1.0220415592193604
2022-08-07 13:01:08,077 INFO: Epoch 148, step 1489-- val_loss : 1.0200104713439941
2022-08-07 13:01:08,117 INFO: Epoch 149, step 1499-- train_loss : 0.7958488464355469
2022-08-07 13:01:08,119 INFO: Epoch 149, step 1499-- val_loss : 1.0198014974594116
2022-08-07 13:01:08,161 INFO: Epoch 150, step 1509-- val_loss : 1.0208340883255005
2022-08-07 13:01:08,193 INFO: Epoch 151, step 1519-- val_loss : 1.020843744277954
2022-08-07 13:01:08,225 INFO: Epoch 152, step 1529-- val_loss : 1.0199854373931885
2022-08-07 13:01:08,257 INFO: Epoch 153, step 1539-- val_loss : 1.0170233249664307
2022-08-07 13:01:08,296 INFO: Epoch 154, step 1549-- train_loss : 0.8650674819946289
2022-08-07 13:01:08,299 INFO: Epoch 154, step 1549-- val_loss : 1.0172538757324219
2022-08-07 13:01:08,330 INFO: Epoch 155, step 1559-- val_loss : 1.0167546272277832
2022-08-07 13:01:08,372 INFO: Epoch 156, step 1569-- val_loss : 1.0155454874038696
2022-08-07 13:01:08,414 INFO: Epoch 157, step 1579-- val_loss : 1.0135416984558105
2022-08-07 13:01:08,455 INFO: Epoch 158, step 1589-- val_loss : 1.0118635892868042
2022-08-07 13:01:08,495 INFO: Epoch 159, step 1599-- train_loss : 0.7836863994598389
2022-08-07 13:01:08,498 INFO: Epoch 159, step 1599-- val_loss : 1.0103952884674072
2022-08-07 13:01:08,539 INFO: Epoch 160, step 1609-- val_loss : 1.0115448236465454
2022-08-07 13:01:08,571 INFO: Epoch 161, step 1619-- val_loss : 1.0091911554336548
2022-08-07 13:01:08,612 INFO: Epoch 162, step 1629-- val_loss : 1.010021448135376
2022-08-07 13:01:08,644 INFO: Epoch 163, step 1639-- val_loss : 1.0090298652648926
2022-08-07 13:01:08,683 INFO: Epoch 164, step 1649-- train_loss : 0.775121808052063
2022-08-07 13:01:08,686 INFO: Epoch 164, step 1649-- val_loss : 1.009194254875183
2022-08-07 13:01:08,718 INFO: Epoch 165, step 1659-- val_loss : 1.0085667371749878
2022-08-07 13:01:08,760 INFO: Epoch 166, step 1669-- val_loss : 1.008390188217163
2022-08-07 13:01:08,801 INFO: Epoch 167, step 1679-- val_loss : 1.0069189071655273
2022-08-07 13:01:08,843 INFO: Epoch 168, step 1689-- val_loss : 1.0080158710479736
2022-08-07 13:01:08,872 INFO: Epoch 169, step 1699-- train_loss : 0.605365514755249
2022-08-07 13:01:08,875 INFO: Epoch 169, step 1699-- val_loss : 1.007859230041504
2022-08-07 13:01:08,906 INFO: Epoch 170, step 1709-- val_loss : 1.0063138008117676
2022-08-07 13:01:08,948 INFO: Epoch 171, step 1719-- val_loss : 1.0040922164916992
2022-08-07 13:01:08,989 INFO: Epoch 172, step 1729-- val_loss : 1.0039435625076294
2022-08-07 13:01:09,031 INFO: Epoch 173, step 1739-- val_loss : 1.0064095258712769
2022-08-07 13:01:09,060 INFO: Epoch 174, step 1749-- train_loss : 0.8688654899597168
2022-08-07 13:01:09,063 INFO: Epoch 174, step 1749-- val_loss : 1.0027515888214111
2022-08-07 13:01:09,105 INFO: Epoch 175, step 1759-- val_loss : 1.0024040937423706
2022-08-07 13:01:09,146 INFO: Epoch 176, step 1769-- val_loss : 1.0043424367904663
2022-08-07 13:01:09,178 INFO: Epoch 177, step 1779-- val_loss : 1.0018061399459839
2022-08-07 13:01:09,220 INFO: Epoch 178, step 1789-- val_loss : 1.0016454458236694
2022-08-07 13:01:09,259 INFO: Epoch 179, step 1799-- train_loss : 0.6036542654037476
2022-08-07 13:01:09,261 INFO: Epoch 179, step 1799-- val_loss : 1.001724362373352
2022-08-07 13:01:09,293 INFO: Epoch 180, step 1809-- val_loss : 1.0007556676864624
2022-08-07 13:01:09,335 INFO: Epoch 181, step 1819-- val_loss : 1.0021429061889648
2022-08-07 13:01:09,367 INFO: Epoch 182, step 1829-- val_loss : 1.0026642084121704
2022-08-07 13:01:09,398 INFO: Epoch 183, step 1839-- val_loss : 1.0018013715744019
2022-08-07 13:01:09,428 INFO: Epoch 184, step 1849-- train_loss : 0.4923587143421173
2022-08-07 13:01:09,431 INFO: Epoch 184, step 1849-- val_loss : 1.0011014938354492
2022-08-07 13:01:09,462 INFO: Epoch 185, step 1859-- val_loss : 1.001615047454834
2022-08-07 13:01:09,494 INFO: Epoch 186, step 1869-- val_loss : 1.0025503635406494
2022-08-07 13:01:09,526 INFO: Epoch 187, step 1879-- val_loss : 1.003164291381836
2022-08-07 13:01:09,558 INFO: Epoch 188, step 1889-- val_loss : 1.000015377998352
2022-08-07 13:01:09,597 INFO: Epoch 189, step 1899-- train_loss : 0.6446961164474487
2022-08-07 13:01:09,600 INFO: Epoch 189, step 1899-- val_loss : 0.9972540736198425
2022-08-07 13:01:09,641 INFO: Epoch 190, step 1909-- val_loss : 0.9967427253723145
2022-08-07 13:01:09,683 INFO: Epoch 191, step 1919-- val_loss : 0.9979381561279297
2022-08-07 13:01:09,715 INFO: Epoch 192, step 1929-- val_loss : 0.9996756911277771
2022-08-07 13:01:09,747 INFO: Epoch 193, step 1939-- val_loss : 0.9991252422332764
2022-08-07 13:01:09,776 INFO: Epoch 194, step 1949-- train_loss : 0.8344451189041138
2022-08-07 13:01:09,779 INFO: Epoch 194, step 1949-- val_loss : 0.9955387115478516
2022-08-07 13:01:09,821 INFO: Epoch 195, step 1959-- val_loss : 0.995261549949646
2022-08-07 13:01:09,862 INFO: Epoch 196, step 1969-- val_loss : 0.9964208006858826
2022-08-07 13:01:09,894 INFO: Epoch 197, step 1979-- val_loss : 0.9985900521278381
2022-08-07 13:01:09,926 INFO: Epoch 198, step 1989-- val_loss : 0.9950582385063171
2022-08-07 13:01:09,965 INFO: Epoch 199, step 1999-- train_loss : 0.7949145436286926
2022-08-07 13:01:09,968 INFO: Epoch 199, step 1999-- val_loss : 0.9918856024742126
2022-08-07 13:01:10,009 INFO: Epoch 200, step 2009-- val_loss : 0.991177499294281
2022-08-07 13:01:10,051 INFO: Epoch 201, step 2019-- val_loss : 0.992253839969635
2022-08-07 13:01:10,083 INFO: Epoch 202, step 2029-- val_loss : 0.9917709827423096
2022-08-07 13:01:10,115 INFO: Epoch 203, step 2039-- val_loss : 0.9925380945205688
2022-08-07 13:01:10,144 INFO: Epoch 204, step 2049-- train_loss : 0.749116837978363
2022-08-07 13:01:10,147 INFO: Epoch 204, step 2049-- val_loss : 0.9926123023033142
2022-08-07 13:01:10,179 INFO: Epoch 205, step 2059-- val_loss : 0.9896847009658813
2022-08-07 13:01:10,220 INFO: Epoch 206, step 2069-- val_loss : 0.9885051250457764
2022-08-07 13:01:10,262 INFO: Epoch 207, step 2079-- val_loss : 0.9907358884811401
2022-08-07 13:01:10,294 INFO: Epoch 208, step 2089-- val_loss : 0.9912006258964539
2022-08-07 13:01:10,323 INFO: Epoch 209, step 2099-- train_loss : 0.6695516705513
2022-08-07 13:01:10,326 INFO: Epoch 209, step 2099-- val_loss : 0.987949013710022
2022-08-07 13:01:10,367 INFO: Epoch 210, step 2109-- val_loss : 0.9878317713737488
2022-08-07 13:01:10,409 INFO: Epoch 211, step 2119-- val_loss : 0.9875698685646057
2022-08-07 13:01:10,450 INFO: Epoch 212, step 2129-- val_loss : 0.9901784658432007
2022-08-07 13:01:10,482 INFO: Epoch 213, step 2139-- val_loss : 0.9892575740814209
2022-08-07 13:01:10,512 INFO: Epoch 214, step 2149-- train_loss : 0.7170406579971313
2022-08-07 13:01:10,514 INFO: Epoch 214, step 2149-- val_loss : 0.988439679145813
2022-08-07 13:01:10,546 INFO: Epoch 215, step 2159-- val_loss : 0.9888512492179871
2022-08-07 13:01:10,578 INFO: Epoch 216, step 2169-- val_loss : 0.9871075749397278
2022-08-07 13:01:10,619 INFO: Epoch 217, step 2179-- val_loss : 0.9859268069267273
2022-08-07 13:01:10,661 INFO: Epoch 218, step 2189-- val_loss : 0.9830986261367798
2022-08-07 13:01:10,700 INFO: Epoch 219, step 2199-- train_loss : 0.6720003485679626
2022-08-07 13:01:10,703 INFO: Epoch 219, step 2199-- val_loss : 0.984256386756897
2022-08-07 13:01:10,735 INFO: Epoch 220, step 2209-- val_loss : 0.9829257726669312
2022-08-07 13:01:10,777 INFO: Epoch 221, step 2219-- val_loss : 0.9818800091743469
2022-08-07 13:01:10,818 INFO: Epoch 222, step 2229-- val_loss : 0.982196033000946
2022-08-07 13:01:10,850 INFO: Epoch 223, step 2239-- val_loss : 0.9834701418876648
2022-08-07 13:01:10,880 INFO: Epoch 224, step 2249-- train_loss : 0.7360305190086365
2022-08-07 13:01:10,882 INFO: Epoch 224, step 2249-- val_loss : 0.9848850965499878
2022-08-07 13:01:10,914 INFO: Epoch 225, step 2259-- val_loss : 0.9867867231369019
2022-08-07 13:01:10,946 INFO: Epoch 226, step 2269-- val_loss : 0.9827286601066589
2022-08-07 13:01:10,977 INFO: Epoch 227, step 2279-- val_loss : 0.9804871082305908
2022-08-07 13:01:11,019 INFO: Epoch 228, step 2289-- val_loss : 0.9794641137123108
2022-08-07 13:01:11,058 INFO: Epoch 229, step 2299-- train_loss : 0.7185101509094238
2022-08-07 13:01:11,061 INFO: Epoch 229, step 2299-- val_loss : 0.9789265990257263
2022-08-07 13:01:11,103 INFO: Epoch 230, step 2309-- val_loss : 0.9830573201179504
2022-08-07 13:01:11,135 INFO: Epoch 231, step 2319-- val_loss : 0.9817234873771667
2022-08-07 13:01:11,167 INFO: Epoch 232, step 2329-- val_loss : 0.9781764149665833
2022-08-07 13:01:11,208 INFO: Epoch 233, step 2339-- val_loss : 0.9798000454902649
2022-08-07 13:01:11,237 INFO: Epoch 234, step 2349-- train_loss : 0.80629563331604
2022-08-07 13:01:11,240 INFO: Epoch 234, step 2349-- val_loss : 0.9804052114486694
2022-08-07 13:01:11,272 INFO: Epoch 235, step 2359-- val_loss : 0.9806883931159973
2022-08-07 13:01:11,304 INFO: Epoch 236, step 2369-- val_loss : 0.9826445579528809
2022-08-07 13:01:11,336 INFO: Epoch 237, step 2379-- val_loss : 0.9812036752700806
2022-08-07 13:01:11,367 INFO: Epoch 238, step 2389-- val_loss : 0.9788854122161865
2022-08-07 13:01:11,397 INFO: Epoch 239, step 2399-- train_loss : 0.7726811170578003
2022-08-07 13:01:11,399 INFO: Epoch 239, step 2399-- val_loss : 0.9790525436401367
2022-08-07 13:01:11,431 INFO: Epoch 240, step 2409-- val_loss : 0.9786548018455505
2022-08-07 13:01:11,463 INFO: Epoch 241, step 2419-- val_loss : 0.9806074500083923
2022-08-07 13:01:11,495 INFO: Epoch 242, step 2429-- val_loss : 0.9789119958877563
2022-08-07 13:01:11,505 INFO: Loaded model with from /home/samlg/projects/dl-chem-101/01_prop_pred_FFN/results/example_run/version_0/epoch=232-val_loss=0.98.ckpt with val loss of 0.9781764149665833
2022-08-07 13:01:11,515 INFO: Epoch 242, step 2430-- test_loss : 1.2971481084823608
2022-08-07 13:01:11,518 INFO: Program finished in: 11.200513124465942 seconds
2022-08-07 15:19:38,285 INFO: Args:
batch_size: 64
dataset_name: caco
debug: false
dropout: 0.1
gpu: false
hidden_size: 256
layers: 3
max_epochs: 500
num_workers: 0
save_dir: results/example_run/
seed: 42

2022-08-07 15:19:38,497 INFO: Train, val, test sizes: (637, 91, 182)

  | Name              | Type       | Params
-------------------------------------------------
0 | activation        | ReLU       | 0     
1 | output_activation | Identity   | 0     
2 | mlp               | MLPBlocks  | 656 K 
3 | output_layer      | Sequential | 257   
-------------------------------------------------
656 K     Trainable params
0         Non-trainable params
656 K     Total params
2.626     Total estimated model params size (MB)
2022-08-07 15:19:38,644 INFO: Epoch 0, step 9-- val_loss : 9.419857025146484
2022-08-07 15:19:38,714 INFO: Epoch 1, step 19-- val_loss : 2.765810012817383
2022-08-07 15:19:38,784 INFO: Epoch 2, step 29-- val_loss : 3.178748607635498
2022-08-07 15:19:38,841 INFO: Epoch 3, step 39-- val_loss : 2.101529836654663
2022-08-07 15:19:38,906 INFO: Epoch 4, step 49-- train_loss : 1.6095067262649536
2022-08-07 15:19:38,909 INFO: Epoch 4, step 49-- val_loss : 1.9083727598190308
2022-08-07 15:19:38,976 INFO: Epoch 5, step 59-- val_loss : 1.685325026512146
2022-08-07 15:19:39,043 INFO: Epoch 6, step 69-- val_loss : 1.5591554641723633
2022-08-07 15:19:39,105 INFO: Epoch 7, step 79-- val_loss : 1.485062599182129
2022-08-07 15:19:39,161 INFO: Epoch 8, step 89-- val_loss : 1.4327481985092163
2022-08-07 15:19:39,215 INFO: Epoch 9, step 99-- train_loss : 1.1206938028335571
2022-08-07 15:19:39,218 INFO: Epoch 9, step 99-- val_loss : 1.3794039487838745
2022-08-07 15:19:39,274 INFO: Epoch 10, step 109-- val_loss : 1.3457940816879272
2022-08-07 15:19:39,331 INFO: Epoch 11, step 119-- val_loss : 1.3226330280303955
2022-08-07 15:19:39,387 INFO: Epoch 12, step 129-- val_loss : 1.3037370443344116
2022-08-07 15:19:39,443 INFO: Epoch 13, step 139-- val_loss : 1.2898956537246704
2022-08-07 15:19:39,496 INFO: Epoch 14, step 149-- train_loss : 1.1405656337738037
2022-08-07 15:19:39,499 INFO: Epoch 14, step 149-- val_loss : 1.2784334421157837
2022-08-07 15:19:39,555 INFO: Epoch 15, step 159-- val_loss : 1.2731295824050903
2022-08-07 15:19:39,611 INFO: Epoch 16, step 169-- val_loss : 1.2652466297149658
2022-08-07 15:19:39,667 INFO: Epoch 17, step 179-- val_loss : 1.2599705457687378
2022-08-07 15:19:39,723 INFO: Epoch 18, step 189-- val_loss : 1.2554068565368652
2022-08-07 15:19:39,777 INFO: Epoch 19, step 199-- train_loss : 1.1048226356506348
2022-08-07 15:19:39,780 INFO: Epoch 19, step 199-- val_loss : 1.2528592348098755
2022-08-07 15:19:39,835 INFO: Epoch 20, step 209-- val_loss : 1.2506341934204102
2022-08-07 15:19:39,891 INFO: Epoch 21, step 219-- val_loss : 1.2471964359283447
2022-08-07 15:19:39,947 INFO: Epoch 22, step 229-- val_loss : 1.2440989017486572
2022-08-07 15:19:40,004 INFO: Epoch 23, step 239-- val_loss : 1.2403559684753418
2022-08-07 15:19:40,057 INFO: Epoch 24, step 249-- train_loss : 1.2018465995788574
2022-08-07 15:19:40,060 INFO: Epoch 24, step 249-- val_loss : 1.2361886501312256
2022-08-07 15:19:40,117 INFO: Epoch 25, step 259-- val_loss : 1.2333346605300903
2022-08-07 15:19:40,173 INFO: Epoch 26, step 269-- val_loss : 1.2298439741134644
2022-08-07 15:19:40,229 INFO: Epoch 27, step 279-- val_loss : 1.2275570631027222
2022-08-07 15:19:40,285 INFO: Epoch 28, step 289-- val_loss : 1.2238699197769165
2022-08-07 15:19:40,339 INFO: Epoch 29, step 299-- train_loss : 1.3586106300354004
2022-08-07 15:19:40,342 INFO: Epoch 29, step 299-- val_loss : 1.2209510803222656
2022-08-07 15:19:40,399 INFO: Epoch 30, step 309-- val_loss : 1.2189468145370483
2022-08-07 15:19:40,456 INFO: Epoch 31, step 319-- val_loss : 1.2159863710403442
2022-08-07 15:19:40,512 INFO: Epoch 32, step 329-- val_loss : 1.2136321067810059
2022-08-07 15:19:40,568 INFO: Epoch 33, step 339-- val_loss : 1.2101144790649414
2022-08-07 15:19:40,623 INFO: Epoch 34, step 349-- train_loss : 1.0497643947601318
2022-08-07 15:19:40,626 INFO: Epoch 34, step 349-- val_loss : 1.2060946226119995
2022-08-07 15:19:40,683 INFO: Epoch 35, step 359-- val_loss : 1.2026739120483398
2022-08-07 15:19:40,739 INFO: Epoch 36, step 369-- val_loss : 1.1999555826187134
2022-08-07 15:19:40,795 INFO: Epoch 37, step 379-- val_loss : 1.1978425979614258
2022-08-07 15:19:40,851 INFO: Epoch 38, step 389-- val_loss : 1.1945396661758423
2022-08-07 15:19:40,912 INFO: Epoch 39, step 399-- train_loss : 1.2039713859558105
2022-08-07 15:19:40,915 INFO: Epoch 39, step 399-- val_loss : 1.1921428442001343
2022-08-07 15:19:40,971 INFO: Epoch 40, step 409-- val_loss : 1.1884536743164062
2022-08-07 15:19:41,028 INFO: Epoch 41, step 419-- val_loss : 1.1866892576217651
2022-08-07 15:19:41,084 INFO: Epoch 42, step 429-- val_loss : 1.1847838163375854
2022-08-07 15:19:41,140 INFO: Epoch 43, step 439-- val_loss : 1.1834899187088013
2022-08-07 15:19:41,195 INFO: Epoch 44, step 449-- train_loss : 0.7996588349342346
2022-08-07 15:19:41,198 INFO: Epoch 44, step 449-- val_loss : 1.1813697814941406
2022-08-07 15:19:41,253 INFO: Epoch 45, step 459-- val_loss : 1.179360032081604
2022-08-07 15:19:41,311 INFO: Epoch 46, step 469-- val_loss : 1.1774888038635254
2022-08-07 15:19:41,368 INFO: Epoch 47, step 479-- val_loss : 1.1756972074508667
2022-08-07 15:19:41,424 INFO: Epoch 48, step 489-- val_loss : 1.173901081085205
2022-08-07 15:19:41,480 INFO: Epoch 49, step 499-- train_loss : 1.117881417274475
2022-08-07 15:19:41,483 INFO: Epoch 49, step 499-- val_loss : 1.169600248336792
2022-08-07 15:19:41,539 INFO: Epoch 50, step 509-- val_loss : 1.1654025316238403
2022-08-07 15:19:41,595 INFO: Epoch 51, step 519-- val_loss : 1.1618632078170776
2022-08-07 15:19:41,652 INFO: Epoch 52, step 529-- val_loss : 1.159155249595642
2022-08-07 15:19:41,708 INFO: Epoch 53, step 539-- val_loss : 1.1567890644073486
2022-08-07 15:19:41,762 INFO: Epoch 54, step 549-- train_loss : 0.7149297595024109
2022-08-07 15:19:41,765 INFO: Epoch 54, step 549-- val_loss : 1.1544967889785767
2022-08-07 15:19:41,821 INFO: Epoch 55, step 559-- val_loss : 1.1511011123657227
2022-08-07 15:19:41,876 INFO: Epoch 56, step 569-- val_loss : 1.1484366655349731
2022-08-07 15:19:41,932 INFO: Epoch 57, step 579-- val_loss : 1.1463955640792847
2022-08-07 15:19:41,989 INFO: Epoch 58, step 589-- val_loss : 1.1443214416503906
2022-08-07 15:19:42,043 INFO: Epoch 59, step 599-- train_loss : 0.9161510467529297
2022-08-07 15:19:42,046 INFO: Epoch 59, step 599-- val_loss : 1.1418473720550537
2022-08-07 15:19:42,105 INFO: Epoch 60, step 609-- val_loss : 1.140187382698059
2022-08-07 15:19:42,163 INFO: Epoch 61, step 619-- val_loss : 1.136484980583191
2022-08-07 15:19:42,221 INFO: Epoch 62, step 629-- val_loss : 1.1339960098266602
2022-08-07 15:19:42,278 INFO: Epoch 63, step 639-- val_loss : 1.1331028938293457
2022-08-07 15:19:42,332 INFO: Epoch 64, step 649-- train_loss : 0.9685176014900208
2022-08-07 15:19:42,335 INFO: Epoch 64, step 649-- val_loss : 1.132580041885376
2022-08-07 15:19:42,393 INFO: Epoch 65, step 659-- val_loss : 1.1293652057647705
2022-08-07 15:19:42,450 INFO: Epoch 66, step 669-- val_loss : 1.1256463527679443
2022-08-07 15:19:42,506 INFO: Epoch 67, step 679-- val_loss : 1.1226284503936768
2022-08-07 15:19:42,563 INFO: Epoch 68, step 689-- val_loss : 1.1206274032592773
2022-08-07 15:19:42,616 INFO: Epoch 69, step 699-- train_loss : 0.5641533732414246
2022-08-07 15:19:42,619 INFO: Epoch 69, step 699-- val_loss : 1.117836833000183
2022-08-07 15:19:42,676 INFO: Epoch 70, step 709-- val_loss : 1.1164253950119019
2022-08-07 15:19:42,734 INFO: Epoch 71, step 719-- val_loss : 1.1150132417678833
2022-08-07 15:19:42,791 INFO: Epoch 72, step 729-- val_loss : 1.1146037578582764
2022-08-07 15:19:42,848 INFO: Epoch 73, step 739-- val_loss : 1.112542748451233
2022-08-07 15:19:42,901 INFO: Epoch 74, step 749-- train_loss : 0.7406060099601746
2022-08-07 15:19:42,904 INFO: Epoch 74, step 749-- val_loss : 1.1120785474777222
2022-08-07 15:19:42,963 INFO: Epoch 75, step 759-- val_loss : 1.1092000007629395
2022-08-07 15:19:43,021 INFO: Epoch 76, step 769-- val_loss : 1.1065348386764526
2022-08-07 15:19:43,081 INFO: Epoch 77, step 779-- val_loss : 1.1047009229660034
2022-08-07 15:19:43,138 INFO: Epoch 78, step 789-- val_loss : 1.1032148599624634
2022-08-07 15:19:43,192 INFO: Epoch 79, step 799-- train_loss : 0.7227219343185425
2022-08-07 15:19:43,195 INFO: Epoch 79, step 799-- val_loss : 1.1004979610443115
2022-08-07 15:19:43,252 INFO: Epoch 80, step 809-- val_loss : 1.0986722707748413
2022-08-07 15:19:43,308 INFO: Epoch 81, step 819-- val_loss : 1.0980955362319946
2022-08-07 15:19:43,364 INFO: Epoch 82, step 829-- val_loss : 1.0968416929244995
2022-08-07 15:19:43,421 INFO: Epoch 83, step 839-- val_loss : 1.0950250625610352
2022-08-07 15:19:43,475 INFO: Epoch 84, step 849-- train_loss : 0.6589054465293884
2022-08-07 15:19:43,478 INFO: Epoch 84, step 849-- val_loss : 1.0933973789215088
2022-08-07 15:19:43,534 INFO: Epoch 85, step 859-- val_loss : 1.0914567708969116
2022-08-07 15:19:43,591 INFO: Epoch 86, step 869-- val_loss : 1.0910354852676392
2022-08-07 15:19:43,647 INFO: Epoch 87, step 879-- val_loss : 1.0900830030441284
2022-08-07 15:19:43,706 INFO: Epoch 88, step 889-- val_loss : 1.0886800289154053
2022-08-07 15:19:43,760 INFO: Epoch 89, step 899-- train_loss : 0.8215139508247375
2022-08-07 15:19:43,763 INFO: Epoch 89, step 899-- val_loss : 1.0867127180099487
2022-08-07 15:19:43,819 INFO: Epoch 90, step 909-- val_loss : 1.0851867198944092
2022-08-07 15:19:43,875 INFO: Epoch 91, step 919-- val_loss : 1.083736538887024
2022-08-07 15:19:43,934 INFO: Epoch 92, step 929-- val_loss : 1.0827248096466064
2022-08-07 15:19:43,990 INFO: Epoch 93, step 939-- val_loss : 1.0807019472122192
2022-08-07 15:19:44,045 INFO: Epoch 94, step 949-- train_loss : 0.962164044380188
2022-08-07 15:19:44,048 INFO: Epoch 94, step 949-- val_loss : 1.080654501914978
2022-08-07 15:19:44,104 INFO: Epoch 95, step 959-- val_loss : 1.0788345336914062
2022-08-07 15:19:44,159 INFO: Epoch 96, step 969-- val_loss : 1.0767557621002197
2022-08-07 15:19:44,215 INFO: Epoch 97, step 979-- val_loss : 1.0763911008834839
2022-08-07 15:19:44,271 INFO: Epoch 98, step 989-- val_loss : 1.073205828666687
2022-08-07 15:19:44,324 INFO: Epoch 99, step 999-- train_loss : 0.805657148361206
2022-08-07 15:19:44,327 INFO: Epoch 99, step 999-- val_loss : 1.07304847240448
2022-08-07 15:19:44,382 INFO: Epoch 100, step 1009-- val_loss : 1.0719631910324097
2022-08-07 15:19:44,439 INFO: Epoch 101, step 1019-- val_loss : 1.0714672803878784
2022-08-07 15:19:44,494 INFO: Epoch 102, step 1029-- val_loss : 1.0700156688690186
2022-08-07 15:19:44,549 INFO: Epoch 103, step 1039-- val_loss : 1.0682623386383057
2022-08-07 15:19:44,602 INFO: Epoch 104, step 1049-- train_loss : 0.8405612111091614
2022-08-07 15:19:44,605 INFO: Epoch 104, step 1049-- val_loss : 1.0674262046813965
2022-08-07 15:19:44,661 INFO: Epoch 105, step 1059-- val_loss : 1.0662522315979004
2022-08-07 15:19:44,717 INFO: Epoch 106, step 1069-- val_loss : 1.0635879039764404
2022-08-07 15:19:44,773 INFO: Epoch 107, step 1079-- val_loss : 1.0614452362060547
2022-08-07 15:19:44,828 INFO: Epoch 108, step 1089-- val_loss : 1.060960292816162
2022-08-07 15:19:44,881 INFO: Epoch 109, step 1099-- train_loss : 0.702475368976593
2022-08-07 15:19:44,884 INFO: Epoch 109, step 1099-- val_loss : 1.0603407621383667
2022-08-07 15:19:44,941 INFO: Epoch 110, step 1109-- val_loss : 1.0590853691101074
2022-08-07 15:19:44,996 INFO: Epoch 111, step 1119-- val_loss : 1.0572233200073242
2022-08-07 15:19:45,052 INFO: Epoch 112, step 1129-- val_loss : 1.055566430091858
2022-08-07 15:19:45,109 INFO: Epoch 113, step 1139-- val_loss : 1.0545543432235718
2022-08-07 15:19:45,162 INFO: Epoch 114, step 1149-- train_loss : 0.7149342894554138
2022-08-07 15:19:45,165 INFO: Epoch 114, step 1149-- val_loss : 1.05359947681427
2022-08-07 15:19:45,221 INFO: Epoch 115, step 1159-- val_loss : 1.052823781967163
2022-08-07 15:19:45,276 INFO: Epoch 116, step 1169-- val_loss : 1.051686406135559
2022-08-07 15:19:45,334 INFO: Epoch 117, step 1179-- val_loss : 1.051155924797058
2022-08-07 15:19:45,391 INFO: Epoch 118, step 1189-- val_loss : 1.0502265691757202
2022-08-07 15:19:45,446 INFO: Epoch 119, step 1199-- train_loss : 0.688157320022583
2022-08-07 15:19:45,449 INFO: Epoch 119, step 1199-- val_loss : 1.0506467819213867
2022-08-07 15:19:45,495 INFO: Epoch 120, step 1209-- val_loss : 1.0489825010299683
2022-08-07 15:19:45,551 INFO: Epoch 121, step 1219-- val_loss : 1.0492010116577148
2022-08-07 15:19:45,597 INFO: Epoch 122, step 1229-- val_loss : 1.048092007637024
2022-08-07 15:19:45,652 INFO: Epoch 123, step 1239-- val_loss : 1.0440073013305664
2022-08-07 15:19:45,705 INFO: Epoch 124, step 1249-- train_loss : 0.8370932936668396
2022-08-07 15:19:45,708 INFO: Epoch 124, step 1249-- val_loss : 1.043973684310913
2022-08-07 15:19:45,764 INFO: Epoch 125, step 1259-- val_loss : 1.041906476020813
2022-08-07 15:19:45,819 INFO: Epoch 126, step 1269-- val_loss : 1.0404421091079712
2022-08-07 15:19:45,877 INFO: Epoch 127, step 1279-- val_loss : 1.040419578552246
2022-08-07 15:19:45,934 INFO: Epoch 128, step 1289-- val_loss : 1.0407450199127197
2022-08-07 15:19:45,978 INFO: Epoch 129, step 1299-- train_loss : 1.0736265182495117
2022-08-07 15:19:45,981 INFO: Epoch 129, step 1299-- val_loss : 1.040181040763855
2022-08-07 15:19:46,036 INFO: Epoch 130, step 1309-- val_loss : 1.0391550064086914
2022-08-07 15:19:46,092 INFO: Epoch 131, step 1319-- val_loss : 1.036917805671692
2022-08-07 15:19:46,147 INFO: Epoch 132, step 1329-- val_loss : 1.0361058712005615
2022-08-07 15:19:46,203 INFO: Epoch 133, step 1339-- val_loss : 1.0351978540420532
2022-08-07 15:19:46,256 INFO: Epoch 134, step 1349-- train_loss : 0.7168995141983032
2022-08-07 15:19:46,259 INFO: Epoch 134, step 1349-- val_loss : 1.0348410606384277
2022-08-07 15:19:46,315 INFO: Epoch 135, step 1359-- val_loss : 1.0344845056533813
2022-08-07 15:19:46,370 INFO: Epoch 136, step 1369-- val_loss : 1.031964659690857
2022-08-07 15:19:46,426 INFO: Epoch 137, step 1379-- val_loss : 1.031646490097046
2022-08-07 15:19:46,483 INFO: Epoch 138, step 1389-- val_loss : 1.030982255935669
2022-08-07 15:19:46,536 INFO: Epoch 139, step 1399-- train_loss : 0.5872117280960083
2022-08-07 15:19:46,538 INFO: Epoch 139, step 1399-- val_loss : 1.0303655862808228
2022-08-07 15:19:46,596 INFO: Epoch 140, step 1409-- val_loss : 1.0303537845611572
2022-08-07 15:19:46,652 INFO: Epoch 141, step 1419-- val_loss : 1.029927372932434
2022-08-07 15:19:46,708 INFO: Epoch 142, step 1429-- val_loss : 1.0278136730194092
2022-08-07 15:19:46,764 INFO: Epoch 143, step 1439-- val_loss : 1.0257385969161987
2022-08-07 15:19:46,818 INFO: Epoch 144, step 1449-- train_loss : 0.8983286023139954
2022-08-07 15:19:46,821 INFO: Epoch 144, step 1449-- val_loss : 1.0260752439498901
2022-08-07 15:19:46,867 INFO: Epoch 145, step 1459-- val_loss : 1.0250416994094849
2022-08-07 15:19:46,923 INFO: Epoch 146, step 1469-- val_loss : 1.0253158807754517
2022-08-07 15:19:46,970 INFO: Epoch 147, step 1479-- val_loss : 1.0248322486877441
2022-08-07 15:19:47,026 INFO: Epoch 148, step 1489-- val_loss : 1.02531099319458
2022-08-07 15:19:47,071 INFO: Epoch 149, step 1499-- train_loss : 0.6148626208305359
2022-08-07 15:19:47,074 INFO: Epoch 149, step 1499-- val_loss : 1.0251096487045288
2022-08-07 15:19:47,120 INFO: Epoch 150, step 1509-- val_loss : 1.0237817764282227
2022-08-07 15:19:47,176 INFO: Epoch 151, step 1519-- val_loss : 1.0221229791641235
2022-08-07 15:19:47,232 INFO: Epoch 152, step 1529-- val_loss : 1.0206938982009888
2022-08-07 15:19:47,289 INFO: Epoch 153, step 1539-- val_loss : 1.020566701889038
2022-08-07 15:19:47,342 INFO: Epoch 154, step 1549-- train_loss : 0.7204272150993347
2022-08-07 15:19:47,345 INFO: Epoch 154, step 1549-- val_loss : 1.0185184478759766
2022-08-07 15:19:47,401 INFO: Epoch 155, step 1559-- val_loss : 1.0193734169006348
2022-08-07 15:19:47,447 INFO: Epoch 156, step 1569-- val_loss : 1.0202627182006836
2022-08-07 15:19:47,495 INFO: Epoch 157, step 1579-- val_loss : 1.0204867124557495
2022-08-07 15:19:47,542 INFO: Epoch 158, step 1589-- val_loss : 1.017946720123291
2022-08-07 15:19:47,596 INFO: Epoch 159, step 1599-- train_loss : 0.8017597198486328
2022-08-07 15:19:47,599 INFO: Epoch 159, step 1599-- val_loss : 1.0188312530517578
2022-08-07 15:19:47,646 INFO: Epoch 160, step 1609-- val_loss : 1.0172202587127686
2022-08-07 15:19:47,702 INFO: Epoch 161, step 1619-- val_loss : 1.0157251358032227
2022-08-07 15:19:47,758 INFO: Epoch 162, step 1629-- val_loss : 1.015661358833313
2022-08-07 15:19:47,814 INFO: Epoch 163, step 1639-- val_loss : 1.0150257349014282
2022-08-07 15:19:47,867 INFO: Epoch 164, step 1649-- train_loss : 0.6804858446121216
2022-08-07 15:19:47,870 INFO: Epoch 164, step 1649-- val_loss : 1.013208270072937
2022-08-07 15:19:47,926 INFO: Epoch 165, step 1659-- val_loss : 1.0128065347671509
2022-08-07 15:19:47,982 INFO: Epoch 166, step 1669-- val_loss : 1.0138362646102905
2022-08-07 15:19:48,028 INFO: Epoch 167, step 1679-- val_loss : 1.0145798921585083
2022-08-07 15:19:48,075 INFO: Epoch 168, step 1689-- val_loss : 1.0144829750061035
2022-08-07 15:19:48,119 INFO: Epoch 169, step 1699-- train_loss : 0.7987090945243835
2022-08-07 15:19:48,122 INFO: Epoch 169, step 1699-- val_loss : 1.0139334201812744
2022-08-07 15:19:48,169 INFO: Epoch 170, step 1709-- val_loss : 1.0140738487243652
2022-08-07 15:19:48,216 INFO: Epoch 171, step 1719-- val_loss : 1.013953447341919
2022-08-07 15:19:48,262 INFO: Epoch 172, step 1729-- val_loss : 1.0108754634857178
2022-08-07 15:19:48,319 INFO: Epoch 173, step 1739-- val_loss : 1.009775996208191
2022-08-07 15:19:48,374 INFO: Epoch 174, step 1749-- train_loss : 0.8240019083023071
2022-08-07 15:19:48,376 INFO: Epoch 174, step 1749-- val_loss : 1.0122520923614502
2022-08-07 15:19:48,423 INFO: Epoch 175, step 1759-- val_loss : 1.0102163553237915
2022-08-07 15:19:48,470 INFO: Epoch 176, step 1769-- val_loss : 1.0065597295761108
2022-08-07 15:19:48,529 INFO: Epoch 177, step 1779-- val_loss : 1.0064284801483154
2022-08-07 15:19:48,588 INFO: Epoch 178, step 1789-- val_loss : 1.007091760635376
2022-08-07 15:19:48,633 INFO: Epoch 179, step 1799-- train_loss : 0.6117863655090332
2022-08-07 15:19:48,636 INFO: Epoch 179, step 1799-- val_loss : 1.0058401823043823
2022-08-07 15:19:48,696 INFO: Epoch 180, step 1809-- val_loss : 1.0050591230392456
2022-08-07 15:19:48,754 INFO: Epoch 181, step 1819-- val_loss : 1.0031163692474365
2022-08-07 15:19:48,812 INFO: Epoch 182, step 1829-- val_loss : 1.0056538581848145
2022-08-07 15:19:48,858 INFO: Epoch 183, step 1839-- val_loss : 1.0058079957962036
2022-08-07 15:19:48,902 INFO: Epoch 184, step 1849-- train_loss : 0.6802745461463928
2022-08-07 15:19:48,905 INFO: Epoch 184, step 1849-- val_loss : 1.0052446126937866
2022-08-07 15:19:48,952 INFO: Epoch 185, step 1859-- val_loss : 1.0039119720458984
2022-08-07 15:19:49,000 INFO: Epoch 186, step 1869-- val_loss : 1.0037931203842163
2022-08-07 15:19:49,047 INFO: Epoch 187, step 1879-- val_loss : 1.0024785995483398
2022-08-07 15:19:49,106 INFO: Epoch 188, step 1889-- val_loss : 1.0012626647949219
2022-08-07 15:19:49,161 INFO: Epoch 189, step 1899-- train_loss : 0.651921808719635
2022-08-07 15:19:49,164 INFO: Epoch 189, step 1899-- val_loss : 1.0010191202163696
2022-08-07 15:19:49,222 INFO: Epoch 190, step 1909-- val_loss : 0.9996973276138306
2022-08-07 15:19:49,280 INFO: Epoch 191, step 1919-- val_loss : 1.0033994913101196
2022-08-07 15:19:49,328 INFO: Epoch 192, step 1929-- val_loss : 1.0031834840774536
2022-08-07 15:19:49,376 INFO: Epoch 193, step 1939-- val_loss : 0.9990131855010986
2022-08-07 15:19:49,430 INFO: Epoch 194, step 1949-- train_loss : 0.7795488238334656
2022-08-07 15:19:49,433 INFO: Epoch 194, step 1949-- val_loss : 1.000357747077942
2022-08-07 15:19:49,481 INFO: Epoch 195, step 1959-- val_loss : 1.0007054805755615
2022-08-07 15:19:49,528 INFO: Epoch 196, step 1969-- val_loss : 1.0009833574295044
2022-08-07 15:19:49,575 INFO: Epoch 197, step 1979-- val_loss : 1.0011298656463623
2022-08-07 15:19:49,623 INFO: Epoch 198, step 1989-- val_loss : 0.9986823797225952
2022-08-07 15:19:49,677 INFO: Epoch 199, step 1999-- train_loss : 0.629718005657196
2022-08-07 15:19:49,680 INFO: Epoch 199, step 1999-- val_loss : 0.9995855689048767
2022-08-07 15:19:49,728 INFO: Epoch 200, step 2009-- val_loss : 1.0017426013946533
2022-08-07 15:19:49,775 INFO: Epoch 201, step 2019-- val_loss : 0.9996180534362793
2022-08-07 15:19:49,822 INFO: Epoch 202, step 2029-- val_loss : 0.9991525411605835
2022-08-07 15:19:49,870 INFO: Epoch 203, step 2039-- val_loss : 0.9962390661239624
2022-08-07 15:19:49,926 INFO: Epoch 204, step 2049-- train_loss : 0.6137784123420715
2022-08-07 15:19:49,929 INFO: Epoch 204, step 2049-- val_loss : 0.9940227270126343
2022-08-07 15:19:49,985 INFO: Epoch 205, step 2059-- val_loss : 0.9936477541923523
2022-08-07 15:19:50,042 INFO: Epoch 206, step 2069-- val_loss : 0.9950932264328003
2022-08-07 15:19:50,090 INFO: Epoch 207, step 2079-- val_loss : 0.9957753419876099
2022-08-07 15:19:50,138 INFO: Epoch 208, step 2089-- val_loss : 0.9952855110168457
2022-08-07 15:19:50,183 INFO: Epoch 209, step 2099-- train_loss : 0.7732954025268555
2022-08-07 15:19:50,186 INFO: Epoch 209, step 2099-- val_loss : 0.9929051399230957
2022-08-07 15:19:50,242 INFO: Epoch 210, step 2109-- val_loss : 0.9928225874900818
2022-08-07 15:19:50,299 INFO: Epoch 211, step 2119-- val_loss : 0.9926239848136902
2022-08-07 15:19:50,355 INFO: Epoch 212, step 2129-- val_loss : 0.9921413660049438
2022-08-07 15:19:50,411 INFO: Epoch 213, step 2139-- val_loss : 0.9907370805740356
2022-08-07 15:19:50,465 INFO: Epoch 214, step 2149-- train_loss : 0.4448019862174988
2022-08-07 15:19:50,468 INFO: Epoch 214, step 2149-- val_loss : 0.9885949492454529
2022-08-07 15:19:50,525 INFO: Epoch 215, step 2159-- val_loss : 0.989158570766449
2022-08-07 15:19:50,572 INFO: Epoch 216, step 2169-- val_loss : 0.9885245561599731
2022-08-07 15:19:50,629 INFO: Epoch 217, step 2179-- val_loss : 0.9875576496124268
2022-08-07 15:19:50,685 INFO: Epoch 218, step 2189-- val_loss : 0.9860857725143433
2022-08-07 15:19:50,739 INFO: Epoch 219, step 2199-- train_loss : 0.7157596945762634
2022-08-07 15:19:50,742 INFO: Epoch 219, step 2199-- val_loss : 0.9867112040519714
2022-08-07 15:19:50,790 INFO: Epoch 220, step 2209-- val_loss : 0.9863149523735046
2022-08-07 15:19:50,838 INFO: Epoch 221, step 2219-- val_loss : 0.9867704510688782
2022-08-07 15:19:50,885 INFO: Epoch 222, step 2229-- val_loss : 0.9863959550857544
2022-08-07 15:19:50,934 INFO: Epoch 223, step 2239-- val_loss : 0.983722448348999
2022-08-07 15:19:50,988 INFO: Epoch 224, step 2249-- train_loss : 0.896391749382019
2022-08-07 15:19:50,991 INFO: Epoch 224, step 2249-- val_loss : 0.9859116077423096
2022-08-07 15:19:51,039 INFO: Epoch 225, step 2259-- val_loss : 0.9867766499519348
2022-08-07 15:19:51,087 INFO: Epoch 226, step 2269-- val_loss : 0.9847816228866577
2022-08-07 15:19:51,135 INFO: Epoch 227, step 2279-- val_loss : 0.9847250580787659
2022-08-07 15:19:51,182 INFO: Epoch 228, step 2289-- val_loss : 0.9862498044967651
2022-08-07 15:19:51,228 INFO: Epoch 229, step 2299-- train_loss : 0.7252636551856995
2022-08-07 15:19:51,231 INFO: Epoch 229, step 2299-- val_loss : 0.9867933392524719
2022-08-07 15:19:51,278 INFO: Epoch 230, step 2309-- val_loss : 0.9869495630264282
2022-08-07 15:19:51,326 INFO: Epoch 231, step 2319-- val_loss : 0.9869104027748108
2022-08-07 15:19:51,374 INFO: Epoch 232, step 2329-- val_loss : 0.9866703748703003
2022-08-07 15:19:51,421 INFO: Epoch 233, step 2339-- val_loss : 0.983661949634552
2022-08-07 15:19:51,476 INFO: Epoch 234, step 2349-- train_loss : 0.8121394515037537
2022-08-07 15:19:51,479 INFO: Epoch 234, step 2349-- val_loss : 0.9866806864738464
2022-08-07 15:19:51,526 INFO: Epoch 235, step 2359-- val_loss : 0.9864258170127869
2022-08-07 15:19:51,574 INFO: Epoch 236, step 2369-- val_loss : 0.9852132201194763
2022-08-07 15:19:51,621 INFO: Epoch 237, step 2379-- val_loss : 0.9861195087432861
2022-08-07 15:19:51,669 INFO: Epoch 238, step 2389-- val_loss : 0.9854351282119751
2022-08-07 15:19:51,714 INFO: Epoch 239, step 2399-- train_loss : 0.7472703456878662
2022-08-07 15:19:51,717 INFO: Epoch 239, step 2399-- val_loss : 0.9859499335289001
2022-08-07 15:19:51,764 INFO: Epoch 240, step 2409-- val_loss : 0.9861328601837158
2022-08-07 15:19:51,812 INFO: Epoch 241, step 2419-- val_loss : 0.9857138395309448
2022-08-07 15:19:51,859 INFO: Epoch 242, step 2429-- val_loss : 0.9819924235343933
2022-08-07 15:19:51,917 INFO: Epoch 243, step 2439-- val_loss : 0.985727846622467
2022-08-07 15:19:51,962 INFO: Epoch 244, step 2449-- train_loss : 0.9002914428710938
2022-08-07 15:19:51,965 INFO: Epoch 244, step 2449-- val_loss : 0.9827866554260254
2022-08-07 15:19:52,012 INFO: Epoch 245, step 2459-- val_loss : 0.9824907779693604
2022-08-07 15:19:52,059 INFO: Epoch 246, step 2469-- val_loss : 0.9822470545768738
2022-08-07 15:19:52,107 INFO: Epoch 247, step 2479-- val_loss : 0.9815096259117126
2022-08-07 15:19:52,164 INFO: Epoch 248, step 2489-- val_loss : 0.9809209704399109
2022-08-07 15:19:52,218 INFO: Epoch 249, step 2499-- train_loss : 0.6766252517700195
2022-08-07 15:19:52,221 INFO: Epoch 249, step 2499-- val_loss : 0.9802095293998718
2022-08-07 15:19:52,277 INFO: Epoch 250, step 2509-- val_loss : 0.9793109893798828
2022-08-07 15:19:52,334 INFO: Epoch 251, step 2519-- val_loss : 0.9805648326873779
2022-08-07 15:19:52,381 INFO: Epoch 252, step 2529-- val_loss : 0.9796776175498962
2022-08-07 15:19:52,428 INFO: Epoch 253, step 2539-- val_loss : 0.9815438389778137
2022-08-07 15:19:52,474 INFO: Epoch 254, step 2549-- train_loss : 0.8227855563163757
2022-08-07 15:19:52,476 INFO: Epoch 254, step 2549-- val_loss : 0.9820420145988464
2022-08-07 15:19:52,524 INFO: Epoch 255, step 2559-- val_loss : 0.9811879396438599
2022-08-07 15:19:52,572 INFO: Epoch 256, step 2569-- val_loss : 0.9808551669120789
2022-08-07 15:19:52,619 INFO: Epoch 257, step 2579-- val_loss : 0.9807242155075073
2022-08-07 15:19:52,666 INFO: Epoch 258, step 2589-- val_loss : 0.9830979704856873
2022-08-07 15:19:52,711 INFO: Epoch 259, step 2599-- train_loss : 0.7617167830467224
2022-08-07 15:19:52,713 INFO: Epoch 259, step 2599-- val_loss : 0.9808220267295837
2022-08-07 15:19:52,760 INFO: Epoch 260, step 2609-- val_loss : 0.9784805774688721
2022-08-07 15:19:52,817 INFO: Epoch 261, step 2619-- val_loss : 0.978766918182373
2022-08-07 15:19:52,864 INFO: Epoch 262, step 2629-- val_loss : 0.9769113659858704
2022-08-07 15:19:52,920 INFO: Epoch 263, step 2639-- val_loss : 0.9750015735626221
2022-08-07 15:19:52,973 INFO: Epoch 264, step 2649-- train_loss : 0.8074617385864258
2022-08-07 15:19:52,976 INFO: Epoch 264, step 2649-- val_loss : 0.9764519333839417
2022-08-07 15:19:53,022 INFO: Epoch 265, step 2659-- val_loss : 0.9748122096061707
2022-08-07 15:19:53,080 INFO: Epoch 266, step 2669-- val_loss : 0.9733898639678955
2022-08-07 15:19:53,136 INFO: Epoch 267, step 2679-- val_loss : 0.9763349890708923
2022-08-07 15:19:53,183 INFO: Epoch 268, step 2689-- val_loss : 0.9769381880760193
2022-08-07 15:19:53,227 INFO: Epoch 269, step 2699-- train_loss : 0.8448387384414673
2022-08-07 15:19:53,230 INFO: Epoch 269, step 2699-- val_loss : 0.9747848510742188
2022-08-07 15:19:53,276 INFO: Epoch 270, step 2709-- val_loss : 0.97203129529953
2022-08-07 15:19:53,333 INFO: Epoch 271, step 2719-- val_loss : 0.9740679264068604
2022-08-07 15:19:53,380 INFO: Epoch 272, step 2729-- val_loss : 0.9746825098991394
2022-08-07 15:19:53,426 INFO: Epoch 273, step 2739-- val_loss : 0.975203812122345
2022-08-07 15:19:53,471 INFO: Epoch 274, step 2749-- train_loss : 0.798291802406311
2022-08-07 15:19:53,473 INFO: Epoch 274, step 2749-- val_loss : 0.9726038575172424
2022-08-07 15:19:53,520 INFO: Epoch 275, step 2759-- val_loss : 0.9748023748397827
2022-08-07 15:19:53,567 INFO: Epoch 276, step 2769-- val_loss : 0.9756112694740295
2022-08-07 15:19:53,614 INFO: Epoch 277, step 2779-- val_loss : 0.9720422029495239
2022-08-07 15:19:53,660 INFO: Epoch 278, step 2789-- val_loss : 0.9736508131027222
2022-08-07 15:19:53,705 INFO: Epoch 279, step 2799-- train_loss : 0.7301769256591797
2022-08-07 15:19:53,708 INFO: Epoch 279, step 2799-- val_loss : 0.9722285866737366
2022-08-07 15:19:53,755 INFO: Epoch 280, step 2809-- val_loss : 0.9734290242195129
2022-08-07 15:19:53,761 INFO: Loaded model with from /home/samlg/projects/dl-chem-101/01_prop_pred_FFN/results/example_run/version_1/epoch=270-val_loss=0.97.ckpt with val loss of 0.97203129529953
2022-08-07 15:19:53,769 INFO: Epoch 280, step 2810-- test_loss : 1.2727043628692627
2022-08-07 15:19:53,771 INFO: Program finished in: 15.488122701644897 seconds
2022-08-07 15:20:02,915 INFO: Args:
batch_size: 64
dataset_name: caco
debug: false
dropout: 0.1
gpu: true
hidden_size: 256
layers: 3
max_epochs: 500
num_workers: 0
save_dir: results/example_run/
seed: 42

2022-08-07 15:20:03,129 INFO: Train, val, test sizes: (637, 91, 182)

  | Name              | Type       | Params
-------------------------------------------------
0 | activation        | ReLU       | 0     
1 | output_activation | Identity   | 0     
2 | mlp               | MLPBlocks  | 656 K 
3 | output_layer      | Sequential | 257   
-------------------------------------------------
656 K     Trainable params
0         Non-trainable params
656 K     Total params
2.626     Total estimated model params size (MB)
2022-08-07 15:20:05,236 INFO: Epoch 0, step 9-- val_loss : 9.314414978027344
2022-08-07 15:20:05,284 INFO: Epoch 1, step 19-- val_loss : 2.7703521251678467
2022-08-07 15:20:05,332 INFO: Epoch 2, step 29-- val_loss : 2.777657985687256
2022-08-07 15:20:05,370 INFO: Epoch 3, step 39-- val_loss : 2.130932569503784
2022-08-07 15:20:05,416 INFO: Epoch 4, step 49-- train_loss : 1.9418858289718628
2022-08-07 15:20:05,419 INFO: Epoch 4, step 49-- val_loss : 1.8993558883666992
2022-08-07 15:20:05,466 INFO: Epoch 5, step 59-- val_loss : 1.6798430681228638
2022-08-07 15:20:05,514 INFO: Epoch 6, step 69-- val_loss : 1.5705081224441528
2022-08-07 15:20:05,563 INFO: Epoch 7, step 79-- val_loss : 1.501421570777893
2022-08-07 15:20:05,611 INFO: Epoch 8, step 89-- val_loss : 1.434586524963379
2022-08-07 15:20:05,656 INFO: Epoch 9, step 99-- train_loss : 1.2426666021347046
2022-08-07 15:20:05,659 INFO: Epoch 9, step 99-- val_loss : 1.386982798576355
2022-08-07 15:20:05,707 INFO: Epoch 10, step 109-- val_loss : 1.3554171323776245
2022-08-07 15:20:05,755 INFO: Epoch 11, step 119-- val_loss : 1.33563232421875
2022-08-07 15:20:05,802 INFO: Epoch 12, step 129-- val_loss : 1.3148736953735352
2022-08-07 15:20:05,850 INFO: Epoch 13, step 139-- val_loss : 1.298921823501587
2022-08-07 15:20:05,895 INFO: Epoch 14, step 149-- train_loss : 1.0126118659973145
2022-08-07 15:20:05,898 INFO: Epoch 14, step 149-- val_loss : 1.2877347469329834
2022-08-07 15:20:05,945 INFO: Epoch 15, step 159-- val_loss : 1.2800639867782593
2022-08-07 15:20:05,993 INFO: Epoch 16, step 169-- val_loss : 1.2749178409576416
2022-08-07 15:20:06,041 INFO: Epoch 17, step 179-- val_loss : 1.2694988250732422
2022-08-07 15:20:06,089 INFO: Epoch 18, step 189-- val_loss : 1.2643060684204102
2022-08-07 15:20:06,134 INFO: Epoch 19, step 199-- train_loss : 0.8945102691650391
2022-08-07 15:20:06,137 INFO: Epoch 19, step 199-- val_loss : 1.2602992057800293
2022-08-07 15:20:06,184 INFO: Epoch 20, step 209-- val_loss : 1.256603479385376
2022-08-07 15:20:06,232 INFO: Epoch 21, step 219-- val_loss : 1.2530566453933716
2022-08-07 15:20:06,279 INFO: Epoch 22, step 229-- val_loss : 1.2493442296981812
2022-08-07 15:20:06,327 INFO: Epoch 23, step 239-- val_loss : 1.2459126710891724
2022-08-07 15:20:06,372 INFO: Epoch 24, step 249-- train_loss : 1.0913652181625366
2022-08-07 15:20:06,375 INFO: Epoch 24, step 249-- val_loss : 1.2431647777557373
2022-08-07 15:20:06,422 INFO: Epoch 25, step 259-- val_loss : 1.240010142326355
2022-08-07 15:20:06,470 INFO: Epoch 26, step 269-- val_loss : 1.2366055250167847
2022-08-07 15:20:06,517 INFO: Epoch 27, step 279-- val_loss : 1.2331910133361816
2022-08-07 15:20:06,565 INFO: Epoch 28, step 289-- val_loss : 1.2305008172988892
2022-08-07 15:20:06,610 INFO: Epoch 29, step 299-- train_loss : 1.0423502922058105
2022-08-07 15:20:06,613 INFO: Epoch 29, step 299-- val_loss : 1.2267677783966064
2022-08-07 15:20:06,660 INFO: Epoch 30, step 309-- val_loss : 1.2237416505813599
2022-08-07 15:20:06,708 INFO: Epoch 31, step 319-- val_loss : 1.2202194929122925
2022-08-07 15:20:06,756 INFO: Epoch 32, step 329-- val_loss : 1.217813491821289
2022-08-07 15:20:06,803 INFO: Epoch 33, step 339-- val_loss : 1.214518427848816
2022-08-07 15:20:06,848 INFO: Epoch 34, step 349-- train_loss : 0.825692892074585
2022-08-07 15:20:06,851 INFO: Epoch 34, step 349-- val_loss : 1.2111797332763672
2022-08-07 15:20:06,899 INFO: Epoch 35, step 359-- val_loss : 1.2086676359176636
2022-08-07 15:20:06,946 INFO: Epoch 36, step 369-- val_loss : 1.2059506177902222
2022-08-07 15:20:06,994 INFO: Epoch 37, step 379-- val_loss : 1.2021623849868774
2022-08-07 15:20:07,042 INFO: Epoch 38, step 389-- val_loss : 1.1994339227676392
2022-08-07 15:20:07,088 INFO: Epoch 39, step 399-- train_loss : 0.9970258474349976
2022-08-07 15:20:07,091 INFO: Epoch 39, step 399-- val_loss : 1.196325659751892
2022-08-07 15:20:07,139 INFO: Epoch 40, step 409-- val_loss : 1.1944397687911987
2022-08-07 15:20:07,187 INFO: Epoch 41, step 419-- val_loss : 1.191556692123413
2022-08-07 15:20:07,234 INFO: Epoch 42, step 429-- val_loss : 1.188663125038147
2022-08-07 15:20:07,282 INFO: Epoch 43, step 439-- val_loss : 1.1845861673355103
2022-08-07 15:20:07,327 INFO: Epoch 44, step 449-- train_loss : 0.8596474528312683
2022-08-07 15:20:07,329 INFO: Epoch 44, step 449-- val_loss : 1.1810581684112549
2022-08-07 15:20:07,377 INFO: Epoch 45, step 459-- val_loss : 1.1783064603805542
2022-08-07 15:20:07,425 INFO: Epoch 46, step 469-- val_loss : 1.1750491857528687
2022-08-07 15:20:07,472 INFO: Epoch 47, step 479-- val_loss : 1.172648310661316
2022-08-07 15:20:07,519 INFO: Epoch 48, step 489-- val_loss : 1.1703306436538696
2022-08-07 15:20:07,564 INFO: Epoch 49, step 499-- train_loss : 0.8197522163391113
2022-08-07 15:20:07,567 INFO: Epoch 49, step 499-- val_loss : 1.1678152084350586
2022-08-07 15:20:07,615 INFO: Epoch 50, step 509-- val_loss : 1.1657050848007202
2022-08-07 15:20:07,662 INFO: Epoch 51, step 519-- val_loss : 1.16283118724823
2022-08-07 15:20:07,709 INFO: Epoch 52, step 529-- val_loss : 1.1614680290222168
2022-08-07 15:20:07,757 INFO: Epoch 53, step 539-- val_loss : 1.1585392951965332
2022-08-07 15:20:07,802 INFO: Epoch 54, step 549-- train_loss : 0.8502833247184753
2022-08-07 15:20:07,805 INFO: Epoch 54, step 549-- val_loss : 1.1562724113464355
2022-08-07 15:20:07,853 INFO: Epoch 55, step 559-- val_loss : 1.153815746307373
2022-08-07 15:20:07,900 INFO: Epoch 56, step 569-- val_loss : 1.1514582633972168
2022-08-07 15:20:07,948 INFO: Epoch 57, step 579-- val_loss : 1.1487343311309814
2022-08-07 15:20:07,995 INFO: Epoch 58, step 589-- val_loss : 1.1477888822555542
2022-08-07 15:20:08,040 INFO: Epoch 59, step 599-- train_loss : 0.8109456300735474
2022-08-07 15:20:08,043 INFO: Epoch 59, step 599-- val_loss : 1.1456493139266968
2022-08-07 15:20:08,091 INFO: Epoch 60, step 609-- val_loss : 1.142430305480957
2022-08-07 15:20:08,138 INFO: Epoch 61, step 619-- val_loss : 1.1391973495483398
2022-08-07 15:20:08,185 INFO: Epoch 62, step 629-- val_loss : 1.1371164321899414
2022-08-07 15:20:08,232 INFO: Epoch 63, step 639-- val_loss : 1.1350733041763306
2022-08-07 15:20:08,277 INFO: Epoch 64, step 649-- train_loss : 1.0037883520126343
2022-08-07 15:20:08,280 INFO: Epoch 64, step 649-- val_loss : 1.132583498954773
2022-08-07 15:20:08,327 INFO: Epoch 65, step 659-- val_loss : 1.1309863328933716
2022-08-07 15:20:08,374 INFO: Epoch 66, step 669-- val_loss : 1.130072832107544
2022-08-07 15:20:08,421 INFO: Epoch 67, step 679-- val_loss : 1.1274243593215942
2022-08-07 15:20:08,468 INFO: Epoch 68, step 689-- val_loss : 1.125105857849121
2022-08-07 15:20:08,513 INFO: Epoch 69, step 699-- train_loss : 0.8237318992614746
2022-08-07 15:20:08,516 INFO: Epoch 69, step 699-- val_loss : 1.1236395835876465
2022-08-07 15:20:08,564 INFO: Epoch 70, step 709-- val_loss : 1.1223516464233398
2022-08-07 15:20:08,611 INFO: Epoch 71, step 719-- val_loss : 1.1209051609039307
2022-08-07 15:20:08,658 INFO: Epoch 72, step 729-- val_loss : 1.1182293891906738
2022-08-07 15:20:08,705 INFO: Epoch 73, step 739-- val_loss : 1.1162761449813843
2022-08-07 15:20:08,750 INFO: Epoch 74, step 749-- train_loss : 0.7509419322013855
2022-08-07 15:20:08,753 INFO: Epoch 74, step 749-- val_loss : 1.1128380298614502
2022-08-07 15:20:08,800 INFO: Epoch 75, step 759-- val_loss : 1.1101974248886108
2022-08-07 15:20:08,847 INFO: Epoch 76, step 769-- val_loss : 1.107859492301941
2022-08-07 15:20:08,894 INFO: Epoch 77, step 779-- val_loss : 1.1065974235534668
2022-08-07 15:20:08,942 INFO: Epoch 78, step 789-- val_loss : 1.1059731245040894
2022-08-07 15:20:08,986 INFO: Epoch 79, step 799-- train_loss : 0.9336608648300171
2022-08-07 15:20:08,989 INFO: Epoch 79, step 799-- val_loss : 1.1058294773101807
2022-08-07 15:20:09,037 INFO: Epoch 80, step 809-- val_loss : 1.1053035259246826
2022-08-07 15:20:09,084 INFO: Epoch 81, step 819-- val_loss : 1.1032241582870483
2022-08-07 15:20:09,131 INFO: Epoch 82, step 829-- val_loss : 1.099471926689148
2022-08-07 15:20:09,178 INFO: Epoch 83, step 839-- val_loss : 1.0964767932891846
2022-08-07 15:20:09,223 INFO: Epoch 84, step 849-- train_loss : 1.0043553113937378
2022-08-07 15:20:09,226 INFO: Epoch 84, step 849-- val_loss : 1.0952361822128296
2022-08-07 15:20:09,273 INFO: Epoch 85, step 859-- val_loss : 1.0936204195022583
2022-08-07 15:20:09,321 INFO: Epoch 86, step 869-- val_loss : 1.0912357568740845
2022-08-07 15:20:09,368 INFO: Epoch 87, step 879-- val_loss : 1.0899262428283691
2022-08-07 15:20:09,416 INFO: Epoch 88, step 889-- val_loss : 1.0892122983932495
2022-08-07 15:20:09,461 INFO: Epoch 89, step 899-- train_loss : 0.9423699975013733
2022-08-07 15:20:09,464 INFO: Epoch 89, step 899-- val_loss : 1.0870579481124878
2022-08-07 15:20:09,511 INFO: Epoch 90, step 909-- val_loss : 1.0853147506713867
2022-08-07 15:20:09,559 INFO: Epoch 91, step 919-- val_loss : 1.0842235088348389
2022-08-07 15:20:09,606 INFO: Epoch 92, step 929-- val_loss : 1.0817022323608398
2022-08-07 15:20:09,654 INFO: Epoch 93, step 939-- val_loss : 1.080204725265503
2022-08-07 15:20:09,699 INFO: Epoch 94, step 949-- train_loss : 0.9422608017921448
2022-08-07 15:20:09,701 INFO: Epoch 94, step 949-- val_loss : 1.0793254375457764
2022-08-07 15:20:09,748 INFO: Epoch 95, step 959-- val_loss : 1.0783697366714478
2022-08-07 15:20:09,796 INFO: Epoch 96, step 969-- val_loss : 1.07730233669281
2022-08-07 15:20:09,844 INFO: Epoch 97, step 979-- val_loss : 1.076122760772705
2022-08-07 15:20:09,891 INFO: Epoch 98, step 989-- val_loss : 1.0744539499282837
2022-08-07 15:20:09,935 INFO: Epoch 99, step 999-- train_loss : 0.8945399522781372
2022-08-07 15:20:09,938 INFO: Epoch 99, step 999-- val_loss : 1.0725537538528442
2022-08-07 15:20:09,985 INFO: Epoch 100, step 1009-- val_loss : 1.0711941719055176
2022-08-07 15:20:10,033 INFO: Epoch 101, step 1019-- val_loss : 1.070351004600525
2022-08-07 15:20:10,080 INFO: Epoch 102, step 1029-- val_loss : 1.0670806169509888
2022-08-07 15:20:10,127 INFO: Epoch 103, step 1039-- val_loss : 1.0665433406829834
2022-08-07 15:20:10,171 INFO: Epoch 104, step 1049-- train_loss : 0.8698919415473938
2022-08-07 15:20:10,174 INFO: Epoch 104, step 1049-- val_loss : 1.0662474632263184
2022-08-07 15:20:10,222 INFO: Epoch 105, step 1059-- val_loss : 1.0658650398254395
2022-08-07 15:20:10,269 INFO: Epoch 106, step 1069-- val_loss : 1.0629135370254517
2022-08-07 15:20:10,316 INFO: Epoch 107, step 1079-- val_loss : 1.061442494392395
2022-08-07 15:20:10,363 INFO: Epoch 108, step 1089-- val_loss : 1.0612986087799072
2022-08-07 15:20:10,408 INFO: Epoch 109, step 1099-- train_loss : 0.6138846278190613
2022-08-07 15:20:10,411 INFO: Epoch 109, step 1099-- val_loss : 1.0608298778533936
2022-08-07 15:20:10,458 INFO: Epoch 110, step 1109-- val_loss : 1.0600382089614868
2022-08-07 15:20:10,505 INFO: Epoch 111, step 1119-- val_loss : 1.0580759048461914
2022-08-07 15:20:10,552 INFO: Epoch 112, step 1129-- val_loss : 1.0565871000289917
2022-08-07 15:20:10,599 INFO: Epoch 113, step 1139-- val_loss : 1.0556381940841675
2022-08-07 15:20:10,644 INFO: Epoch 114, step 1149-- train_loss : 0.7247671484947205
2022-08-07 15:20:10,647 INFO: Epoch 114, step 1149-- val_loss : 1.0547218322753906
2022-08-07 15:20:10,694 INFO: Epoch 115, step 1159-- val_loss : 1.053971529006958
2022-08-07 15:20:10,741 INFO: Epoch 116, step 1169-- val_loss : 1.054148554801941
2022-08-07 15:20:10,779 INFO: Epoch 117, step 1179-- val_loss : 1.0508440732955933
2022-08-07 15:20:10,826 INFO: Epoch 118, step 1189-- val_loss : 1.0503953695297241
2022-08-07 15:20:10,871 INFO: Epoch 119, step 1199-- train_loss : 0.9557271599769592
2022-08-07 15:20:10,874 INFO: Epoch 119, step 1199-- val_loss : 1.0502479076385498
2022-08-07 15:20:10,921 INFO: Epoch 120, step 1209-- val_loss : 1.0507175922393799
2022-08-07 15:20:10,959 INFO: Epoch 121, step 1219-- val_loss : 1.048155426979065
2022-08-07 15:20:11,007 INFO: Epoch 122, step 1229-- val_loss : 1.0460420846939087
2022-08-07 15:20:11,055 INFO: Epoch 123, step 1239-- val_loss : 1.0445704460144043
2022-08-07 15:20:11,100 INFO: Epoch 124, step 1249-- train_loss : 0.8176608085632324
2022-08-07 15:20:11,102 INFO: Epoch 124, step 1249-- val_loss : 1.043191909790039
2022-08-07 15:20:11,150 INFO: Epoch 125, step 1259-- val_loss : 1.0429564714431763
2022-08-07 15:20:11,198 INFO: Epoch 126, step 1269-- val_loss : 1.0427271127700806
2022-08-07 15:20:11,246 INFO: Epoch 127, step 1279-- val_loss : 1.0407254695892334
2022-08-07 15:20:11,293 INFO: Epoch 128, step 1289-- val_loss : 1.0416117906570435
2022-08-07 15:20:11,329 INFO: Epoch 129, step 1299-- train_loss : 1.06831955909729
2022-08-07 15:20:11,331 INFO: Epoch 129, step 1299-- val_loss : 1.041170597076416
2022-08-07 15:20:11,369 INFO: Epoch 130, step 1309-- val_loss : 1.0381784439086914
2022-08-07 15:20:11,416 INFO: Epoch 131, step 1319-- val_loss : 1.0353807210922241
2022-08-07 15:20:11,464 INFO: Epoch 132, step 1329-- val_loss : 1.0339198112487793
2022-08-07 15:20:11,511 INFO: Epoch 133, step 1339-- val_loss : 1.0342073440551758
2022-08-07 15:20:11,546 INFO: Epoch 134, step 1349-- train_loss : 1.0133081674575806
2022-08-07 15:20:11,549 INFO: Epoch 134, step 1349-- val_loss : 1.0347110033035278
2022-08-07 15:20:11,587 INFO: Epoch 135, step 1359-- val_loss : 1.0346777439117432
2022-08-07 15:20:11,624 INFO: Epoch 136, step 1369-- val_loss : 1.0341782569885254
2022-08-07 15:20:11,662 INFO: Epoch 137, step 1379-- val_loss : 1.0326917171478271
2022-08-07 15:20:11,709 INFO: Epoch 138, step 1389-- val_loss : 1.0325042009353638
2022-08-07 15:20:11,754 INFO: Epoch 139, step 1399-- train_loss : 0.6696999073028564
2022-08-07 15:20:11,757 INFO: Epoch 139, step 1399-- val_loss : 1.0308034420013428
2022-08-07 15:20:11,804 INFO: Epoch 140, step 1409-- val_loss : 1.031592845916748
2022-08-07 15:20:11,842 INFO: Epoch 141, step 1419-- val_loss : 1.0300761461257935
2022-08-07 15:20:11,889 INFO: Epoch 142, step 1429-- val_loss : 1.0287123918533325
2022-08-07 15:20:11,937 INFO: Epoch 143, step 1439-- val_loss : 1.0283987522125244
2022-08-07 15:20:11,982 INFO: Epoch 144, step 1449-- train_loss : 0.6789595484733582
2022-08-07 15:20:11,985 INFO: Epoch 144, step 1449-- val_loss : 1.0277214050292969
2022-08-07 15:20:12,033 INFO: Epoch 145, step 1459-- val_loss : 1.0262539386749268
2022-08-07 15:20:12,080 INFO: Epoch 146, step 1469-- val_loss : 1.0251895189285278
2022-08-07 15:20:12,127 INFO: Epoch 147, step 1479-- val_loss : 1.025328278541565
2022-08-07 15:20:12,165 INFO: Epoch 148, step 1489-- val_loss : 1.0232713222503662
2022-08-07 15:20:12,215 INFO: Epoch 149, step 1499-- train_loss : 0.7967485785484314
2022-08-07 15:20:12,220 INFO: Epoch 149, step 1499-- val_loss : 1.023074984550476
2022-08-07 15:20:12,278 INFO: Epoch 150, step 1509-- val_loss : 1.0241060256958008
2022-08-07 15:20:12,319 INFO: Epoch 151, step 1519-- val_loss : 1.0241509675979614
2022-08-07 15:20:12,359 INFO: Epoch 152, step 1529-- val_loss : 1.023242712020874
2022-08-07 15:20:12,400 INFO: Epoch 153, step 1539-- val_loss : 1.0202491283416748
2022-08-07 15:20:12,454 INFO: Epoch 154, step 1549-- train_loss : 0.8652461767196655
2022-08-07 15:20:12,457 INFO: Epoch 154, step 1549-- val_loss : 1.0204697847366333
2022-08-07 15:20:12,495 INFO: Epoch 155, step 1559-- val_loss : 1.0199708938598633
2022-08-07 15:20:12,543 INFO: Epoch 156, step 1569-- val_loss : 1.0187723636627197
2022-08-07 15:20:12,591 INFO: Epoch 157, step 1579-- val_loss : 1.0167396068572998
2022-08-07 15:20:12,639 INFO: Epoch 158, step 1589-- val_loss : 1.0150882005691528
2022-08-07 15:20:12,684 INFO: Epoch 159, step 1599-- train_loss : 0.7838919758796692
2022-08-07 15:20:12,687 INFO: Epoch 159, step 1599-- val_loss : 1.0135583877563477
2022-08-07 15:20:12,735 INFO: Epoch 160, step 1609-- val_loss : 1.0147651433944702
2022-08-07 15:20:12,773 INFO: Epoch 161, step 1619-- val_loss : 1.0123237371444702
2022-08-07 15:20:12,821 INFO: Epoch 162, step 1629-- val_loss : 1.0131231546401978
2022-08-07 15:20:12,868 INFO: Epoch 163, step 1639-- val_loss : 1.0122259855270386
2022-08-07 15:20:12,919 INFO: Epoch 164, step 1649-- train_loss : 0.7758630514144897
2022-08-07 15:20:12,922 INFO: Epoch 164, step 1649-- val_loss : 1.0123744010925293
2022-08-07 15:20:12,958 INFO: Epoch 165, step 1659-- val_loss : 1.011721134185791
2022-08-07 15:20:13,003 INFO: Epoch 166, step 1669-- val_loss : 1.0114264488220215
2022-08-07 15:20:13,048 INFO: Epoch 167, step 1679-- val_loss : 1.0100152492523193
2022-08-07 15:20:13,093 INFO: Epoch 168, step 1689-- val_loss : 1.0110924243927002
2022-08-07 15:20:13,127 INFO: Epoch 169, step 1699-- train_loss : 0.6069433093070984
2022-08-07 15:20:13,129 INFO: Epoch 169, step 1699-- val_loss : 1.0109938383102417
2022-08-07 15:20:13,165 INFO: Epoch 170, step 1709-- val_loss : 1.0095221996307373
2022-08-07 15:20:13,211 INFO: Epoch 171, step 1719-- val_loss : 1.0072327852249146
2022-08-07 15:20:13,257 INFO: Epoch 172, step 1729-- val_loss : 1.0070140361785889
2022-08-07 15:20:13,302 INFO: Epoch 173, step 1739-- val_loss : 1.0095120668411255
2022-08-07 15:20:13,336 INFO: Epoch 174, step 1749-- train_loss : 0.868476152420044
2022-08-07 15:20:13,339 INFO: Epoch 174, step 1749-- val_loss : 1.0059367418289185
2022-08-07 15:20:13,384 INFO: Epoch 175, step 1759-- val_loss : 1.0055899620056152
2022-08-07 15:20:13,431 INFO: Epoch 176, step 1769-- val_loss : 1.0074653625488281
2022-08-07 15:20:13,467 INFO: Epoch 177, step 1779-- val_loss : 1.0048768520355225
2022-08-07 15:20:13,513 INFO: Epoch 178, step 1789-- val_loss : 1.0047295093536377
2022-08-07 15:20:13,557 INFO: Epoch 179, step 1799-- train_loss : 0.6045082807540894
2022-08-07 15:20:13,559 INFO: Epoch 179, step 1799-- val_loss : 1.0048086643218994
2022-08-07 15:20:13,596 INFO: Epoch 180, step 1809-- val_loss : 1.0038952827453613
2022-08-07 15:20:13,642 INFO: Epoch 181, step 1819-- val_loss : 1.0053056478500366
2022-08-07 15:20:13,678 INFO: Epoch 182, step 1829-- val_loss : 1.00588858127594
2022-08-07 15:20:13,714 INFO: Epoch 183, step 1839-- val_loss : 1.00505793094635
2022-08-07 15:20:13,748 INFO: Epoch 184, step 1849-- train_loss : 0.4938823878765106
2022-08-07 15:20:13,751 INFO: Epoch 184, step 1849-- val_loss : 1.0042356252670288
2022-08-07 15:20:13,787 INFO: Epoch 185, step 1859-- val_loss : 1.0047409534454346
2022-08-07 15:20:13,823 INFO: Epoch 186, step 1869-- val_loss : 1.0057646036148071
2022-08-07 15:20:13,859 INFO: Epoch 187, step 1879-- val_loss : 1.0063687562942505
2022-08-07 15:20:13,895 INFO: Epoch 188, step 1889-- val_loss : 1.0031760931015015
2022-08-07 15:20:13,939 INFO: Epoch 189, step 1899-- train_loss : 0.6452917456626892
2022-08-07 15:20:13,942 INFO: Epoch 189, step 1899-- val_loss : 1.0003501176834106
2022-08-07 15:20:13,988 INFO: Epoch 190, step 1909-- val_loss : 0.9998536109924316
2022-08-07 15:20:14,033 INFO: Epoch 191, step 1919-- val_loss : 1.0010541677474976
2022-08-07 15:20:14,069 INFO: Epoch 192, step 1929-- val_loss : 1.002913475036621
2022-08-07 15:20:14,106 INFO: Epoch 193, step 1939-- val_loss : 1.0023788213729858
2022-08-07 15:20:14,139 INFO: Epoch 194, step 1949-- train_loss : 0.8340796232223511
2022-08-07 15:20:14,142 INFO: Epoch 194, step 1949-- val_loss : 0.9987698793411255
2022-08-07 15:20:14,188 INFO: Epoch 195, step 1959-- val_loss : 0.9984452724456787
2022-08-07 15:20:14,234 INFO: Epoch 196, step 1969-- val_loss : 0.9995705485343933
2022-08-07 15:20:14,271 INFO: Epoch 197, step 1979-- val_loss : 1.0017658472061157
2022-08-07 15:20:14,307 INFO: Epoch 198, step 1989-- val_loss : 0.998268187046051
2022-08-07 15:20:14,352 INFO: Epoch 199, step 1999-- train_loss : 0.7965756058692932
2022-08-07 15:20:14,355 INFO: Epoch 199, step 1999-- val_loss : 0.995048999786377
2022-08-07 15:20:14,403 INFO: Epoch 200, step 2009-- val_loss : 0.9943084716796875
2022-08-07 15:20:14,451 INFO: Epoch 201, step 2019-- val_loss : 0.9953700304031372
2022-08-07 15:20:14,489 INFO: Epoch 202, step 2029-- val_loss : 0.9948262572288513
2022-08-07 15:20:14,527 INFO: Epoch 203, step 2039-- val_loss : 0.9956395030021667
2022-08-07 15:20:14,562 INFO: Epoch 204, step 2049-- train_loss : 0.7517699003219604
2022-08-07 15:20:14,565 INFO: Epoch 204, step 2049-- val_loss : 0.9957265257835388
2022-08-07 15:20:14,603 INFO: Epoch 205, step 2059-- val_loss : 0.9928130507469177
2022-08-07 15:20:14,651 INFO: Epoch 206, step 2069-- val_loss : 0.9915814995765686
2022-08-07 15:20:14,698 INFO: Epoch 207, step 2079-- val_loss : 0.993786633014679
2022-08-07 15:20:14,743 INFO: Epoch 208, step 2089-- val_loss : 0.9942455291748047
2022-08-07 15:20:14,778 INFO: Epoch 209, step 2099-- train_loss : 0.6691339612007141
2022-08-07 15:20:14,780 INFO: Epoch 209, step 2099-- val_loss : 0.9910732507705688
2022-08-07 15:20:14,827 INFO: Epoch 210, step 2109-- val_loss : 0.9909329414367676
2022-08-07 15:20:14,874 INFO: Epoch 211, step 2119-- val_loss : 0.990608274936676
2022-08-07 15:20:14,920 INFO: Epoch 212, step 2129-- val_loss : 0.9932524561882019
2022-08-07 15:20:14,957 INFO: Epoch 213, step 2139-- val_loss : 0.9923736453056335
2022-08-07 15:20:14,991 INFO: Epoch 214, step 2149-- train_loss : 0.7163683176040649
2022-08-07 15:20:14,994 INFO: Epoch 214, step 2149-- val_loss : 0.991610586643219
2022-08-07 15:20:15,030 INFO: Epoch 215, step 2159-- val_loss : 0.9919521808624268
2022-08-07 15:20:15,067 INFO: Epoch 216, step 2169-- val_loss : 0.9901473522186279
2022-08-07 15:20:15,114 INFO: Epoch 217, step 2179-- val_loss : 0.9889934062957764
2022-08-07 15:20:15,161 INFO: Epoch 218, step 2189-- val_loss : 0.9861534237861633
2022-08-07 15:20:15,205 INFO: Epoch 219, step 2199-- train_loss : 0.6722025871276855
2022-08-07 15:20:15,208 INFO: Epoch 219, step 2199-- val_loss : 0.9872543811798096
2022-08-07 15:20:15,244 INFO: Epoch 220, step 2209-- val_loss : 0.9858384728431702
2022-08-07 15:20:15,291 INFO: Epoch 221, step 2219-- val_loss : 0.9847972393035889
2022-08-07 15:20:15,338 INFO: Epoch 222, step 2229-- val_loss : 0.9851334095001221
2022-08-07 15:20:15,374 INFO: Epoch 223, step 2239-- val_loss : 0.9864192008972168
2022-08-07 15:20:15,408 INFO: Epoch 224, step 2249-- train_loss : 0.7355602383613586
2022-08-07 15:20:15,411 INFO: Epoch 224, step 2249-- val_loss : 0.9877949953079224
2022-08-07 15:20:15,448 INFO: Epoch 225, step 2259-- val_loss : 0.9896743297576904
2022-08-07 15:20:15,485 INFO: Epoch 226, step 2269-- val_loss : 0.9855185747146606
2022-08-07 15:20:15,521 INFO: Epoch 227, step 2279-- val_loss : 0.9834105372428894
2022-08-07 15:20:15,568 INFO: Epoch 228, step 2289-- val_loss : 0.9824486970901489
2022-08-07 15:20:15,612 INFO: Epoch 229, step 2299-- train_loss : 0.7172895073890686
2022-08-07 15:20:15,615 INFO: Epoch 229, step 2299-- val_loss : 0.9819039702415466
2022-08-07 15:20:15,661 INFO: Epoch 230, step 2309-- val_loss : 0.9860035181045532
2022-08-07 15:20:15,697 INFO: Epoch 231, step 2319-- val_loss : 0.9846712946891785
2022-08-07 15:20:15,734 INFO: Epoch 232, step 2329-- val_loss : 0.9811152219772339
2022-08-07 15:20:15,781 INFO: Epoch 233, step 2339-- val_loss : 0.982732892036438
2022-08-07 15:20:15,815 INFO: Epoch 234, step 2349-- train_loss : 0.8057788014411926
2022-08-07 15:20:15,817 INFO: Epoch 234, step 2349-- val_loss : 0.9832676649093628
2022-08-07 15:20:15,854 INFO: Epoch 235, step 2359-- val_loss : 0.983637809753418
2022-08-07 15:20:15,891 INFO: Epoch 236, step 2369-- val_loss : 0.9855222702026367
2022-08-07 15:20:15,928 INFO: Epoch 237, step 2379-- val_loss : 0.9840941429138184
2022-08-07 15:20:15,965 INFO: Epoch 238, step 2389-- val_loss : 0.9818299412727356
2022-08-07 15:20:15,999 INFO: Epoch 239, step 2399-- train_loss : 0.7740265727043152
2022-08-07 15:20:16,001 INFO: Epoch 239, step 2399-- val_loss : 0.9819466471672058
2022-08-07 15:20:16,038 INFO: Epoch 240, step 2409-- val_loss : 0.9815236330032349
2022-08-07 15:20:16,075 INFO: Epoch 241, step 2419-- val_loss : 0.9835634231567383
2022-08-07 15:20:16,111 INFO: Epoch 242, step 2429-- val_loss : 0.9817982912063599
2022-08-07 15:20:16,121 INFO: Loaded model with from /home/samlg/projects/dl-chem-101/01_prop_pred_FFN/results/example_run/version_2/epoch=232-val_loss=0.98.ckpt with val loss of 0.9811152219772339
2022-08-07 15:20:16,131 INFO: Epoch 242, step 2430-- test_loss : 1.299291729927063
2022-08-07 15:20:16,134 INFO: Program finished in: 13.221542835235596 seconds
